"../../../Engine/Content/EditorResources/S_Actor.ubulk" 0
"../../../Engine/Content/EditorResources/S_Actor.uasset" 1
"../../../Engine/Content/EditorResources/S_Actor.uexp" 2
"../../../Engine/Content/EditorResources/S_BoxReflectionCapture.uasset" 3
"../../../Engine/Content/EditorResources/S_BoxReflectionCapture.uexp" 4
"../../../Engine/Content/EngineResources/DefaultTexture.ubulk" 5
"../../../Engine/Content/EngineResources/DefaultTexture.uasset" 6
"../../../Engine/Content/EngineResources/DefaultTexture.uexp" 7
"../../../Engine/Content/EngineResources/DefaultTextureCube.uasset" 8
"../../../Engine/Content/EngineResources/DefaultTextureCube.uexp" 9
"../../../Engine/Content/EngineResources/DefaultVolumeTexture2D.uasset" 10
"../../../Engine/Content/EngineResources/DefaultVolumeTexture2D.uexp" 11
"../../../Engine/Content/EngineResources/DefaultVolumeTexture.uasset" 12
"../../../Engine/Content/EngineResources/DefaultVolumeTexture.uexp" 13
"../../../Engine/Content/EditorResources/S_Trigger.ubulk" 14
"../../../Engine/Content/EditorResources/S_Trigger.uasset" 15
"../../../Engine/Content/EditorResources/S_Trigger.uexp" 16
"../../../Engine/Content/EditorResources/S_TriggerBox.uasset" 17
"../../../Engine/Content/EditorResources/S_TriggerBox.uexp" 18
"../../../Engine/Content/EditorResources/S_TriggerCapsule.uasset" 19
"../../../Engine/Content/EditorResources/S_TriggerCapsule.uexp" 20
"../../../Engine/Content/EditorResources/S_TriggerSphere.uasset" 21
"../../../Engine/Content/EditorResources/S_TriggerSphere.uexp" 22
"../../../Engine/Content/EngineMeshes/Sphere.ubulk" 23
"../../../Engine/Content/EngineMeshes/Sphere.uasset" 24
"../../../Engine/Content/EngineMeshes/Sphere.uexp" 25
"../../../Engine/Content/EngineResources/GradientTexture0.uasset" 26
"../../../Engine/Content/EngineResources/GradientTexture0.uexp" 27
"../../../Engine/Content/EngineResources/Black.uasset" 28
"../../../Engine/Content/EngineResources/Black.uexp" 29
"../../../Engine/Content/VREditor/LaserPointer/VR_LaserPower_01.ubulk" 30
"../../../Engine/Content/VREditor/LaserPointer/VR_LaserPower_01.uasset" 31
"../../../Engine/Content/VREditor/LaserPointer/VR_LaserPower_01.uexp" 32
"../../../Engine/Content/VREditor/TransformGizmo/TransformGizmoMaterial.uasset" 33
"../../../Engine/Content/VREditor/TransformGizmo/TransformGizmoMaterial.uexp" 34
"../../../Engine/Content/VREditor/TransformGizmo/TranslucentTransformGizmoMaterial.uasset" 35
"../../../Engine/Content/VREditor/TransformGizmo/TranslucentTransformGizmoMaterial.uexp" 36
"../../../Engine/Content/VREditor/TransformGizmo/BoundingBoxCorner.ubulk" 37
"../../../Engine/Content/VREditor/TransformGizmo/BoundingBoxCorner.uasset" 38
"../../../Engine/Content/VREditor/TransformGizmo/BoundingBoxCorner.uexp" 39
"../../../Engine/Content/VREditor/TransformGizmo/BoundingBoxEdge.ubulk" 40
"../../../Engine/Content/VREditor/TransformGizmo/BoundingBoxEdge.uasset" 41
"../../../Engine/Content/VREditor/TransformGizmo/BoundingBoxEdge.uexp" 42
"../../../Engine/Content/VREditor/TransformGizmo/Main.uasset" 43
"../../../Engine/Content/VREditor/TransformGizmo/Main.uexp" 44
"../../../Engine/Content/VREditor/TransformGizmo/Xray.uasset" 45
"../../../Engine/Content/VREditor/TransformGizmo/Xray.uexp" 46
"../../../Engine/Content/VREditor/TransformGizmo/SM_Sequencer_Node.ubulk" 47
"../../../Engine/Content/VREditor/TransformGizmo/SM_Sequencer_Node.uasset" 48
"../../../Engine/Content/VREditor/TransformGizmo/SM_Sequencer_Node.uexp" 49
"../../../Engine/Content/EditorResources/S_Solver.ubulk" 50
"../../../Engine/Content/EditorResources/S_Solver.uasset" 51
"../../../Engine/Content/EditorResources/S_Solver.uexp" 52
"../../../Engine/Content/EditorMaterials/Camera/CineMat.uasset" 53
"../../../Engine/Content/EditorMaterials/Camera/CineMat.uexp" 54
"../../../Engine/Content/EditorMaterials/Camera/MI_CineMat_Rig.uasset" 55
"../../../Engine/Content/EditorMaterials/Camera/MI_CineMat_Rig.uexp" 56
"../../../Engine/Content/EditorMeshes/Camera/SM_CraneRig_Base.ubulk" 57
"../../../Engine/Content/EditorMeshes/Camera/SM_CraneRig_Base.uasset" 58
"../../../Engine/Content/EditorMeshes/Camera/SM_CraneRig_Base.uexp" 59
"../../../Engine/Content/EditorMeshes/Camera/SM_CraneRig_Arm.ubulk" 60
"../../../Engine/Content/EditorMeshes/Camera/SM_CraneRig_Arm.uasset" 61
"../../../Engine/Content/EditorMeshes/Camera/SM_CraneRig_Arm.uexp" 62
"../../../Engine/Content/EditorMeshes/Camera/SM_CraneRig_Mount.ubulk" 63
"../../../Engine/Content/EditorMeshes/Camera/SM_CraneRig_Mount.uasset" 64
"../../../Engine/Content/EditorMeshes/Camera/SM_CraneRig_Mount.uexp" 65
"../../../Engine/Content/EditorMeshes/Camera/SM_CraneRig_Body.ubulk" 66
"../../../Engine/Content/EditorMeshes/Camera/SM_CraneRig_Body.uasset" 67
"../../../Engine/Content/EditorMeshes/Camera/SM_CraneRig_Body.uexp" 68
"../../../Engine/Content/EditorMeshes/Camera/SM_RailRig_Track.ubulk" 69
"../../../Engine/Content/EditorMeshes/Camera/SM_RailRig_Track.uasset" 70
"../../../Engine/Content/EditorMeshes/Camera/SM_RailRig_Track.uexp" 71
"../../../Engine/Content/EditorMeshes/Camera/SM_RailRig_Mount.ubulk" 72
"../../../Engine/Content/EditorMeshes/Camera/SM_RailRig_Mount.uasset" 73
"../../../Engine/Content/EditorMeshes/Camera/SM_RailRig_Mount.uexp" 74
"../../../Engine/Content/EngineMaterials/T_Default_Material_Grid_M.ubulk" 75
"../../../Engine/Content/EngineMaterials/T_Default_Material_Grid_M.uasset" 76
"../../../Engine/Content/EngineMaterials/T_Default_Material_Grid_M.uexp" 77
"../../../Engine/Content/EngineMaterials/T_Default_Material_Grid_N.ubulk" 78
"../../../Engine/Content/EngineMaterials/T_Default_Material_Grid_N.uasset" 79
"../../../Engine/Content/EngineMaterials/T_Default_Material_Grid_N.uexp" 80
"../../../Engine/Content/Functions/Engine_MaterialFunctions01/Opacity/CameraDepthFade.uasset" 81
"../../../Engine/Content/Functions/Engine_MaterialFunctions01/Opacity/CameraDepthFade.uexp" 82
"../../../Engine/Content/EngineMaterials/WorldGridMaterial.uasset" 83
"../../../Engine/Content/EngineMaterials/WorldGridMaterial.uexp" 84
"../../../Engine/Content/ArtTools/RenderToTexture/Meshes/S_1_Unit_Plane.ubulk" 85
"../../../Engine/Content/ArtTools/RenderToTexture/Meshes/S_1_Unit_Plane.uasset" 86
"../../../Engine/Content/ArtTools/RenderToTexture/Meshes/S_1_Unit_Plane.uexp" 87
"../../../Engine/Content/EditorMaterials/ParticleSystems/PSysThumbnail_NoImage.ubulk" 88
"../../../Engine/Content/EditorMaterials/ParticleSystems/PSysThumbnail_NoImage.uasset" 89
"../../../Engine/Content/EditorMaterials/ParticleSystems/PSysThumbnail_NoImage.uexp" 90
"../../../Engine/Content/EditorMaterials/ParticleSystems/PSysThumbnail_OOD.ubulk" 91
"../../../Engine/Content/EditorMaterials/ParticleSystems/PSysThumbnail_OOD.uasset" 92
"../../../Engine/Content/EditorMaterials/ParticleSystems/PSysThumbnail_OOD.uexp" 93
"../../../Engine/Content/EditorLandscapeResources/SplineEditorMeshMat.uasset" 94
"../../../Engine/Content/EditorLandscapeResources/SplineEditorMeshMat.uexp" 95
"../../../Engine/Content/EditorLandscapeResources/SplineEditorMesh.ubulk" 96
"../../../Engine/Content/EditorLandscapeResources/SplineEditorMesh.uasset" 97
"../../../Engine/Content/EditorLandscapeResources/SplineEditorMesh.uexp" 98
"../../../Engine/Plugins/Media/MediaPlate/Content/SM_MediaPlateScreen.ubulk" 99
"../../../Engine/Plugins/Media/MediaPlate/Content/SM_MediaPlateScreen.uasset" 100
"../../../Engine/Plugins/Media/MediaPlate/Content/SM_MediaPlateScreen.uexp" 101
"../../../Engine/Content/EngineMaterials/DefaultBokeh.uasset" 102
"../../../Engine/Content/EngineMaterials/DefaultBokeh.uexp" 103
"../../../Engine/Content/EngineMaterials/MiniFont.uasset" 104
"../../../Engine/Content/EngineMaterials/MiniFont.uexp" 105
"../../../Engine/Content/EngineMaterials/WeightMapPlaceholderTexture.uasset" 106
"../../../Engine/Content/EngineMaterials/WeightMapPlaceholderTexture.uexp" 107
"../../../Engine/Content/EngineMaterials/WeightMapArrayPlaceholderTexture.uasset" 108
"../../../Engine/Content/EngineMaterials/WeightMapArrayPlaceholderTexture.uexp" 109
"../../../Engine/Content/EngineMaterials/DefaultWhiteGrid.ubulk" 110
"../../../Engine/Content/EngineMaterials/DefaultWhiteGrid.uasset" 111
"../../../Engine/Content/EngineMaterials/DefaultWhiteGrid.uexp" 112
"../../../Engine/Content/EngineMaterials/PreintegratedSkinBRDF.uasset" 113
"../../../Engine/Content/EngineMaterials/PreintegratedSkinBRDF.uexp" 114
"C:/Users/crshe/Documents/Uni/Honours/UnrealProject/SmithyProject/Content/MAT_Wire.uasset" 115
"C:/Users/crshe/Documents/Uni/Honours/UnrealProject/SmithyProject/Content/MAT_Wire.uexp" 116
"C:/Users/crshe/Documents/Uni/Honours/UnrealProject/SmithyProject/Content/MAT_Tip.uasset" 117
"C:/Users/crshe/Documents/Uni/Honours/UnrealProject/SmithyProject/Content/MAT_Tip.uexp" 118
"../../../Engine/Plugins/Developer/AnimationSharing/Content/AnimSharingBase.uasset" 119
"../../../Engine/Plugins/Developer/AnimationSharing/Content/AnimSharingBase.uexp" 120
"C:/Users/crshe/Documents/Uni/Honours/UnrealProject/SmithyProject/Content/Level_HLOD0_Instancing.uasset" 121
"C:/Users/crshe/Documents/Uni/Honours/UnrealProject/SmithyProject/Content/Level_HLOD0_Instancing.uexp" 122
"C:/Users/crshe/Documents/Uni/Honours/UnrealProject/SmithyProject/Content/BP_Sword.uasset" 123
"C:/Users/crshe/Documents/Uni/Honours/UnrealProject/SmithyProject/Content/BP_Sword.uexp" 124
"C:/Users/crshe/Documents/Uni/Honours/UnrealProject/SmithyProject/Content/BP_PCGCube.uasset" 125
"C:/Users/crshe/Documents/Uni/Honours/UnrealProject/SmithyProject/Content/BP_PCGCube.uexp" 126
"C:/Users/crshe/Documents/Uni/Honours/UnrealProject/SmithyProject/Content/BP_MySword.uasset" 127
"C:/Users/crshe/Documents/Uni/Honours/UnrealProject/SmithyProject/Content/BP_MySword.uexp" 128
"../../../Engine/Content/Functions/Engine_MaterialFunctions02/Utility/VectorLength.uasset" 129
"../../../Engine/Content/Functions/Engine_MaterialFunctions02/Utility/VectorLength.uexp" 130
"../../../Engine/Content/Functions/Engine_MaterialFunctions02/WorldPositionOffset/V2/ObjectScale.uasset" 131
"../../../Engine/Content/Functions/Engine_MaterialFunctions02/WorldPositionOffset/V2/ObjectScale.uexp" 132
"../../../Engine/Content/Functions/Engine_MaterialFunctions02/Lerp_3Color.uasset" 133
"../../../Engine/Content/Functions/Engine_MaterialFunctions02/Lerp_3Color.uexp" 134
"../../../Engine/Content/Functions/Engine_MaterialFunctions02/Utility/BreakOutFloat3Components.uasset" 135
"../../../Engine/Content/Functions/Engine_MaterialFunctions02/Utility/BreakOutFloat3Components.uexp" 136
"C:/Users/crshe/Documents/Uni/Honours/UnrealProject/SmithyProject/Content/Materials/MAT_Guard.uasset" 137
"C:/Users/crshe/Documents/Uni/Honours/UnrealProject/SmithyProject/Content/Materials/MAT_Guard.uexp" 138
"../../../Engine/Content/Functions/Engine_MaterialFunctions02/WorldPositionOffset/ObjectPivotPoint.uasset" 139
"../../../Engine/Content/Functions/Engine_MaterialFunctions02/WorldPositionOffset/ObjectPivotPoint.uexp" 140
"C:/Users/crshe/Documents/Uni/Honours/UnrealProject/SmithyProject/Content/Materials/MAT_Grip.uasset" 141
"C:/Users/crshe/Documents/Uni/Honours/UnrealProject/SmithyProject/Content/Materials/MAT_Grip.uexp" 142
"C:/Users/crshe/Documents/Uni/Honours/UnrealProject/SmithyProject/Content/Materials/MAT_Blade.uasset" 143
"C:/Users/crshe/Documents/Uni/Honours/UnrealProject/SmithyProject/Content/Materials/MAT_Blade.uexp" 144
"C:/Users/crshe/Documents/Uni/Honours/UnrealProject/SmithyProject/Content/BP_PCGSword.uasset" 145
"C:/Users/crshe/Documents/Uni/Honours/UnrealProject/SmithyProject/Content/BP_PCGSword.uexp" 146
"C:/Users/crshe/Documents/Uni/Honours/UnrealProject/SmithyProject/Content/BP_Chest.uasset" 147
"C:/Users/crshe/Documents/Uni/Honours/UnrealProject/SmithyProject/Content/BP_Chest.uexp" 148
"C:/Users/crshe/Documents/Uni/Honours/UnrealProject/SmithyProject/Content/Materials/MAT_Tip.uasset" 149
"C:/Users/crshe/Documents/Uni/Honours/UnrealProject/SmithyProject/Content/Materials/MAT_Tip.uexp" 150
"../../../Engine/Plugins/Runtime/MeshModelingToolset/Content/Materials/M_DynamicMeshComponentVtxColor.uasset" 151
"../../../Engine/Plugins/Runtime/MeshModelingToolset/Content/Materials/M_DynamicMeshComponentVtxColor.uexp" 152
"../../../Engine/Plugins/Interchange/Runtime/Content/Pipelines/DefaultTexturePipeline.uasset" 153
"../../../Engine/Plugins/Interchange/Runtime/Content/Pipelines/DefaultTexturePipeline.uexp" 154
"../../../Engine/Plugins/Interchange/Runtime/Content/Pipelines/DefaultSceneLevelPipeline.uasset" 155
"../../../Engine/Plugins/Interchange/Runtime/Content/Pipelines/DefaultSceneLevelPipeline.uexp" 156
"../../../Engine/Plugins/Interchange/Runtime/Content/Pipelines/DefaultSceneAssetsPipeline.uasset" 157
"../../../Engine/Plugins/Interchange/Runtime/Content/Pipelines/DefaultSceneAssetsPipeline.uexp" 158
"../../../Engine/Plugins/Interchange/Runtime/Content/Pipelines/DefaultMaterialXPipeline.uasset" 159
"../../../Engine/Plugins/Interchange/Runtime/Content/Pipelines/DefaultMaterialXPipeline.uexp" 160
"../../../Engine/Plugins/Interchange/Runtime/Content/Pipelines/DefaultMaterialPipeline.uasset" 161
"../../../Engine/Plugins/Interchange/Runtime/Content/Pipelines/DefaultMaterialPipeline.uexp" 162
"../../../Engine/Plugins/Interchange/Runtime/Content/Pipelines/DefaultGLTFSceneAssetsPipeline.uasset" 163
"../../../Engine/Plugins/Interchange/Runtime/Content/Pipelines/DefaultGLTFSceneAssetsPipeline.uexp" 164
"../../../Engine/Plugins/Interchange/Runtime/Content/Pipelines/DefaultGLTFPipeline.uasset" 165
"../../../Engine/Plugins/Interchange/Runtime/Content/Pipelines/DefaultGLTFPipeline.uexp" 166
"../../../Engine/Plugins/Interchange/Runtime/Content/Pipelines/DefaultGLTFAssetsPipeline.uasset" 167
"../../../Engine/Plugins/Interchange/Runtime/Content/Pipelines/DefaultGLTFAssetsPipeline.uexp" 168
"../../../Engine/Plugins/Interchange/Runtime/Content/Pipelines/DefaultAssetsPipeline.uasset" 169
"../../../Engine/Plugins/Interchange/Runtime/Content/Pipelines/DefaultAssetsPipeline.uexp" 170
"../../../Engine/Plugins/Interchange/Runtime/Content/Functions/MX_UsdPreviewSurface.uasset" 171
"../../../Engine/Plugins/Interchange/Runtime/Content/Functions/MX_UsdPreviewSurface.uexp" 172
"../../../Engine/Plugins/Interchange/Runtime/Content/Functions/MX_UniformEDF.uasset" 173
"../../../Engine/Plugins/Interchange/Runtime/Content/Functions/MX_UniformEDF.uexp" 174
"../../../Engine/Plugins/Interchange/Runtime/Content/Functions/MX_TranslucentBSDF.uasset" 175
"../../../Engine/Plugins/Interchange/Runtime/Content/Functions/MX_TranslucentBSDF.uexp" 176
"../../../Engine/Plugins/Interchange/Runtime/Content/Functions/MX_ThinFilmBSDF.uasset" 177
"../../../Engine/Plugins/Interchange/Runtime/Content/Functions/MX_ThinFilmBSDF.uexp" 178
"../../../Engine/Plugins/Interchange/Runtime/Content/Functions/MX_SurfaceUnlit.uasset" 179
"../../../Engine/Plugins/Interchange/Runtime/Content/Functions/MX_SurfaceUnlit.uexp" 180
"../../../Engine/Plugins/Interchange/Runtime/Content/Functions/MX_Surface.uasset" 181
"../../../Engine/Plugins/Interchange/Runtime/Content/Functions/MX_Surface.uexp" 182
"../../../Engine/Plugins/Interchange/Runtime/Content/Functions/MX_SubsurfaceBSDF.uasset" 183
"../../../Engine/Plugins/Interchange/Runtime/Content/Functions/MX_SubsurfaceBSDF.uexp" 184
"../../../Engine/Plugins/Interchange/Runtime/Content/Functions/MX_SheenBSDF.uasset" 185
"../../../Engine/Plugins/Interchange/Runtime/Content/Functions/MX_SheenBSDF.uexp" 186
"../../../Engine/Plugins/Interchange/Runtime/Content/Functions/MX_OrenNayarBSDF.uasset" 187
"../../../Engine/Plugins/Interchange/Runtime/Content/Functions/MX_OrenNayarBSDF.uexp" 188
"../../../Engine/Content/Functions/Engine_MaterialFunctions02/Utility/CameraDirectionVector.uasset" 189
"../../../Engine/Content/Functions/Engine_MaterialFunctions02/Utility/CameraDirectionVector.uexp" 190
"../../../Engine/Content/Functions/Engine_MaterialFunctions01/Volumetrics/BeersLaw.uasset" 191
"../../../Engine/Content/Functions/Engine_MaterialFunctions01/Volumetrics/BeersLaw.uexp" 192
"../../../Engine/Content/EngineMaterials/Good64x64TilingNoiseHighFreq.uasset" 193
"../../../Engine/Content/EngineMaterials/Good64x64TilingNoiseHighFreq.uexp" 194
"../../../Engine/Content/Functions/Engine_MaterialFunctions02/Texturing/ScreenAlignedPixelToPixelUVs.uasset" 195
"../../../Engine/Content/Functions/Engine_MaterialFunctions02/Texturing/ScreenAlignedPixelToPixelUVs.uexp" 196
"../../../Engine/Plugins/Interchange/Runtime/Content/gltf/MaterialFunctions/MF_Temporal_Blur.uasset" 197
"../../../Engine/Plugins/Interchange/Runtime/Content/gltf/MaterialFunctions/MF_Temporal_Blur.uexp" 198
"../../../Engine/Plugins/Interchange/Runtime/Content/gltf/MaterialFunctions/MF_Fresnel_DS.uasset" 199
"../../../Engine/Plugins/Interchange/Runtime/Content/gltf/MaterialFunctions/MF_Fresnel_DS.uexp" 200
"../../../Engine/Plugins/Interchange/Runtime/Content/Functions/MX_Transmission.uasset" 201
"../../../Engine/Plugins/Interchange/Runtime/Content/Functions/MX_Transmission.uexp" 202
"../../../Engine/Plugins/Interchange/Runtime/Content/Functions/MF_OrenNayerView.uasset" 203
"../../../Engine/Plugins/Interchange/Runtime/Content/Functions/MF_OrenNayerView.uexp" 204
"../../../Engine/Plugins/Interchange/Runtime/Content/Functions/MF_SchlickApprox.uasset" 205
"../../../Engine/Plugins/Interchange/Runtime/Content/Functions/MF_SchlickApprox.uexp" 206
"../../../Engine/Plugins/Interchange/Runtime/Content/Utilities/New_LUT.uasset" 207
"../../../Engine/Plugins/Interchange/Runtime/Content/Utilities/New_LUT.uexp" 208
"../../../Engine/Content/Functions/Engine_MaterialFunctions03/Math/RemapValueRange.uasset" 209
"../../../Engine/Content/Functions/Engine_MaterialFunctions03/Math/RemapValueRange.uexp" 210
"../../../Engine/Plugins/Interchange/Runtime/Content/Functions/MF_Iridescence.uasset" 211
"../../../Engine/Plugins/Interchange/Runtime/Content/Functions/MF_Iridescence.uexp" 212
"../../../Engine/Plugins/Interchange/Runtime/Content/Functions/MX_StandardSurface.uasset" 213
"../../../Engine/Plugins/Interchange/Runtime/Content/Functions/MX_StandardSurface.uexp" 214
"../../../Engine/Plugins/Interchange/Runtime/Content/Functions/MX_TransmissionSurface.uasset" 215
"../../../Engine/Plugins/Interchange/Runtime/Content/Functions/MX_TransmissionSurface.uexp" 216
"../../../Engine/Plugins/Interchange/Runtime/Content/Functions/MX_OpenPBR_Translucent.uasset" 217
"../../../Engine/Plugins/Interchange/Runtime/Content/Functions/MX_OpenPBR_Translucent.uexp" 218
"../../../Engine/Plugins/Interchange/Runtime/Content/Functions/MX_OpenPBR_Opaque.uasset" 219
"../../../Engine/Plugins/Interchange/Runtime/Content/Functions/MX_OpenPBR_Opaque.uexp" 220
"../../../Engine/Plugins/Interchange/Runtime/Content/Functions/MX_MeasuredEDF.uasset" 221
"../../../Engine/Plugins/Interchange/Runtime/Content/Functions/MX_MeasuredEDF.uexp" 222
"../../../Engine/Plugins/Interchange/Runtime/Content/Functions/MX_GeneralizedSchlickBSDF.uasset" 223
"../../../Engine/Plugins/Interchange/Runtime/Content/Functions/MX_GeneralizedSchlickBSDF.uexp" 224
"../../../Engine/Plugins/Interchange/Runtime/Content/Functions/MX_DielectricBSDF.uasset" 225
"../../../Engine/Plugins/Interchange/Runtime/Content/Functions/MX_DielectricBSDF.uexp" 226
"../../../Engine/Plugins/Interchange/Runtime/Content/Functions/MX_ConicalEDF.uasset" 227
"../../../Engine/Plugins/Interchange/Runtime/Content/Functions/MX_ConicalEDF.uexp" 228
"../../../Engine/Plugins/Interchange/Runtime/Content/Functions/MX_ConductorBSDF.uasset" 229
"../../../Engine/Plugins/Interchange/Runtime/Content/Functions/MX_ConductorBSDF.uexp" 230
"../../../Engine/Plugins/Interchange/Runtime/Content/Functions/MX_BurleyDiffuseBSDF.uasset" 231
"../../../Engine/Plugins/Interchange/Runtime/Content/Functions/MX_BurleyDiffuseBSDF.uexp" 232
"../../../Engine/Plugins/Interchange/Runtime/Content/Functions/MX_AnisotropicVDF.uasset" 233
"../../../Engine/Plugins/Interchange/Runtime/Content/Functions/MX_AnisotropicVDF.uexp" 234
"../../../Engine/Plugins/Interchange/Runtime/Content/Functions/MX_AbsorptionVDF.uasset" 235
"../../../Engine/Plugins/Interchange/Runtime/Content/Functions/MX_AbsorptionVDF.uexp" 236
"../../../Engine/Plugins/Editor/SpeedTreeImporter/Content/SpeedTree9/game_wind_noise.ubulk" 237
"../../../Engine/Plugins/Editor/SpeedTreeImporter/Content/SpeedTree9/game_wind_noise.uasset" 238
"../../../Engine/Plugins/Editor/SpeedTreeImporter/Content/SpeedTree9/game_wind_noise.uexp" 239
"../../../Engine/Plugins/Editor/SpeedTreeImporter/Content/SpeedTree9/UnpackDirection.uasset" 240
"../../../Engine/Plugins/Editor/SpeedTreeImporter/Content/SpeedTree9/UnpackDirection.uexp" 241
"../../../Engine/Content/Functions/Engine_MaterialFunctions02/ObjectLocalBounds.uasset" 242
"../../../Engine/Content/Functions/Engine_MaterialFunctions02/ObjectLocalBounds.uexp" 243
"../../../Engine/Content/Functions/Engine_MaterialFunctions02/UVs/BoundingBoxBased_0-1_UVW.uasset" 244
"../../../Engine/Content/Functions/Engine_MaterialFunctions02/UVs/BoundingBoxBased_0-1_UVW.uexp" 245
"../../../Engine/Plugins/Editor/SpeedTreeImporter/Content/SpeedTree9/UnpackInteger3.uasset" 246
"../../../Engine/Plugins/Editor/SpeedTreeImporter/Content/SpeedTree9/UnpackInteger3.uexp" 247
"../../../Engine/Plugins/Editor/SpeedTreeImporter/Content/SpeedTree9/SpeedTreeCameraFacing.uasset" 248
"../../../Engine/Plugins/Editor/SpeedTreeImporter/Content/SpeedTree9/SpeedTreeCameraFacing.uexp" 249
"../../../Engine/Content/Functions/Engine_MaterialFunctions02/WorldPositionOffset/ObjectScale.uasset" 250
"../../../Engine/Content/Functions/Engine_MaterialFunctions02/WorldPositionOffset/ObjectScale.uexp" 251
"../../../Engine/Content/Functions/Engine_MaterialFunctions02/SafeNormalize.uasset" 252
"../../../Engine/Content/Functions/Engine_MaterialFunctions02/SafeNormalize.uexp" 253
"../../../Engine/Plugins/Editor/SpeedTreeImporter/Content/SpeedTree9/SpeedTreeWindMotion.uasset" 254
"../../../Engine/Plugins/Editor/SpeedTreeImporter/Content/SpeedTree9/SpeedTreeWindMotion.uexp" 255
"../../../Engine/Plugins/Editor/SpeedTreeImporter/Content/SpeedTree9/SpeedTreeBranchMotion.uasset" 256
"../../../Engine/Plugins/Editor/SpeedTreeImporter/Content/SpeedTree9/SpeedTreeBranchMotion.uexp" 257
"../../../Engine/Plugins/Editor/SpeedTreeImporter/Content/SpeedTree9/SpeedTreeWind.uasset" 258
"../../../Engine/Plugins/Editor/SpeedTreeImporter/Content/SpeedTree9/SpeedTreeWind.uexp" 259
"../../../Engine/Plugins/Editor/SpeedTreeImporter/Content/SpeedTree9/EmptyNormal.uasset" 260
"../../../Engine/Plugins/Editor/SpeedTreeImporter/Content/SpeedTree9/EmptyNormal.uexp" 261
"../../../Engine/Plugins/Editor/SpeedTreeImporter/Content/SpeedTree9/Empty.uasset" 262
"../../../Engine/Plugins/Editor/SpeedTreeImporter/Content/SpeedTree9/Empty.uexp" 263
"../../../Engine/Plugins/Editor/SpeedTreeImporter/Content/SpeedTree9/SpeedTreeMaster.uasset" 264
"../../../Engine/Plugins/Editor/SpeedTreeImporter/Content/SpeedTree9/SpeedTreeMaster.uexp" 265
"../../../Engine/Plugins/Editor/SpeedTreeImporter/Content/SpeedTree9/SpeedTreeBillboard.uasset" 266
"../../../Engine/Plugins/Editor/SpeedTreeImporter/Content/SpeedTree9/SpeedTreeBillboard.uexp" 267
"../../../Engine/Plugins/Editor/SpeedTreeImporter/Content/SpeedTree9/SpeedTreeBillboardMaster.uasset" 268
"../../../Engine/Plugins/Editor/SpeedTreeImporter/Content/SpeedTree9/SpeedTreeBillboardMaster.uexp" 269
"../../../Engine/Content/Functions/Engine_MaterialFunctions02/WorldPositionOffset/CameraOffset.uasset" 270
"../../../Engine/Content/Functions/Engine_MaterialFunctions02/WorldPositionOffset/CameraOffset.uexp" 271
"../../../Engine/Plugins/Animation/ControlRig/Content/M_Manip.uasset" 272
"../../../Engine/Plugins/Animation/ControlRig/Content/M_Manip.uexp" 273
"../../../Engine/Plugins/Animation/ControlRig/Content/Controls/DefaultGizmoLibraryNormalized.uasset" 274
"../../../Engine/Plugins/Animation/ControlRig/Content/Controls/DefaultGizmoLibraryNormalized.uexp" 275
"../../../Engine/Plugins/Animation/ControlRig/Content/Controls/ControlRig_Wedge_solid.ubulk" 276
"../../../Engine/Plugins/Animation/ControlRig/Content/Controls/ControlRig_Wedge_solid.uasset" 277
"../../../Engine/Plugins/Animation/ControlRig/Content/Controls/ControlRig_Wedge_solid.uexp" 278
"../../../Engine/Plugins/Animation/ControlRig/Content/Controls/ControlRig_Wedge_3mm.ubulk" 279
"../../../Engine/Plugins/Animation/ControlRig/Content/Controls/ControlRig_Wedge_3mm.uasset" 280
"../../../Engine/Plugins/Animation/ControlRig/Content/Controls/ControlRig_Wedge_3mm.uexp" 281
"../../../Engine/Plugins/Animation/ControlRig/Content/Controls/ControlRig_Wedge_1mm.ubulk" 282
"../../../Engine/Plugins/Animation/ControlRig/Content/Controls/ControlRig_Wedge_1mm.uasset" 283
"../../../Engine/Plugins/Animation/ControlRig/Content/Controls/ControlRig_Wedge_1mm.uexp" 284
"../../../Engine/Plugins/Animation/ControlRig/Content/Controls/ControlRig_Triangle_solid.ubulk" 285
"../../../Engine/Plugins/Animation/ControlRig/Content/Controls/ControlRig_Triangle_solid.uasset" 286
"../../../Engine/Plugins/Animation/ControlRig/Content/Controls/ControlRig_Triangle_solid.uexp" 287
"../../../Engine/Plugins/Animation/ControlRig/Content/Controls/ControlRig_Triangle_3mm.ubulk" 288
"../../../Engine/Plugins/Animation/ControlRig/Content/Controls/ControlRig_Triangle_3mm.uasset" 289
"../../../Engine/Plugins/Animation/ControlRig/Content/Controls/ControlRig_Triangle_3mm.uexp" 290
"../../../Engine/Plugins/Animation/ControlRig/Content/Controls/ControlRig_Triangle_1mm.ubulk" 291
"../../../Engine/Plugins/Animation/ControlRig/Content/Controls/ControlRig_Triangle_1mm.uasset" 292
"../../../Engine/Plugins/Animation/ControlRig/Content/Controls/ControlRig_Triangle_1mm.uexp" 293
"../../../Engine/Plugins/Animation/ControlRig/Content/Controls/ControlRig_Star4_solid.ubulk" 294
"../../../Engine/Plugins/Animation/ControlRig/Content/Controls/ControlRig_Star4_solid.uasset" 295
"../../../Engine/Plugins/Animation/ControlRig/Content/Controls/ControlRig_Star4_solid.uexp" 296
"../../../Engine/Plugins/Animation/ControlRig/Content/Controls/ControlRig_Star4_3mm.ubulk" 297
"../../../Engine/Plugins/Animation/ControlRig/Content/Controls/ControlRig_Star4_3mm.uasset" 298
"../../../Engine/Plugins/Animation/ControlRig/Content/Controls/ControlRig_Star4_3mm.uexp" 299
"../../../Engine/Plugins/Animation/ControlRig/Content/Controls/ControlRig_Star4_1mm.ubulk" 300
"../../../Engine/Plugins/Animation/ControlRig/Content/Controls/ControlRig_Star4_1mm.uasset" 301
"../../../Engine/Plugins/Animation/ControlRig/Content/Controls/ControlRig_Star4_1mm.uexp" 302
"../../../Engine/Plugins/Animation/ControlRig/Content/Controls/ControlRig_Square_solid.ubulk" 303
"../../../Engine/Plugins/Animation/ControlRig/Content/Controls/ControlRig_Square_solid.uasset" 304
"../../../Engine/Plugins/Animation/ControlRig/Content/Controls/ControlRig_Square_solid.uexp" 305
"../../../Engine/Plugins/Animation/ControlRig/Content/Controls/ControlRig_Square_3mm.ubulk" 306
"../../../Engine/Plugins/Animation/ControlRig/Content/Controls/ControlRig_Square_3mm.uasset" 307
"../../../Engine/Plugins/Animation/ControlRig/Content/Controls/ControlRig_Square_3mm.uexp" 308
"../../../Engine/Plugins/Animation/ControlRig/Content/Controls/ControlRig_Square_1mm.ubulk" 309
"../../../Engine/Plugins/Animation/ControlRig/Content/Controls/ControlRig_Square_1mm.uasset" 310
"../../../Engine/Plugins/Animation/ControlRig/Content/Controls/ControlRig_Square_1mm.uexp" 311
"../../../Engine/Plugins/Animation/ControlRig/Content/Controls/ControlRig_Sphere_solid.ubulk" 312
"../../../Engine/Plugins/Animation/ControlRig/Content/Controls/ControlRig_Sphere_solid.uasset" 313
"../../../Engine/Plugins/Animation/ControlRig/Content/Controls/ControlRig_Sphere_solid.uexp" 314
"../../../Engine/Plugins/Animation/ControlRig/Content/Controls/ControlRig_Sphere_3mm.ubulk" 315
"../../../Engine/Plugins/Animation/ControlRig/Content/Controls/ControlRig_Sphere_3mm.uasset" 316
"../../../Engine/Plugins/Animation/ControlRig/Content/Controls/ControlRig_Sphere_3mm.uexp" 317
"../../../Engine/Plugins/Animation/ControlRig/Content/Controls/ControlRig_Sphere_1mm.ubulk" 318
"../../../Engine/Plugins/Animation/ControlRig/Content/Controls/ControlRig_Sphere_1mm.uasset" 319
"../../../Engine/Plugins/Animation/ControlRig/Content/Controls/ControlRig_Sphere_1mm.uexp" 320
"../../../Engine/Plugins/Animation/ControlRig/Content/Controls/ControlRig_RoundedTriangle_solid.ubulk" 321
"../../../Engine/Plugins/Animation/ControlRig/Content/Controls/ControlRig_RoundedTriangle_solid.uasset" 322
"../../../Engine/Plugins/Animation/ControlRig/Content/Controls/ControlRig_RoundedTriangle_solid.uexp" 323
"../../../Engine/Plugins/Animation/ControlRig/Content/Controls/ControlRig_RoundedTriangle_3mm.ubulk" 324
"../../../Engine/Plugins/Animation/ControlRig/Content/Controls/ControlRig_RoundedTriangle_3mm.uasset" 325
"../../../Engine/Plugins/Animation/ControlRig/Content/Controls/ControlRig_RoundedTriangle_3mm.uexp" 326
"../../../Engine/Plugins/Animation/ControlRig/Content/Controls/ControlRig_RoundedTriangle_1mm.ubulk" 327
"../../../Engine/Plugins/Animation/ControlRig/Content/Controls/ControlRig_RoundedTriangle_1mm.uasset" 328
"../../../Engine/Plugins/Animation/ControlRig/Content/Controls/ControlRig_RoundedTriangle_1mm.uexp" 329
"../../../Engine/Plugins/Animation/ControlRig/Content/Controls/ControlRig_RoundedSquare_solid.ubulk" 330
"../../../Engine/Plugins/Animation/ControlRig/Content/Controls/ControlRig_RoundedSquare_solid.uasset" 331
"../../../Engine/Plugins/Animation/ControlRig/Content/Controls/ControlRig_RoundedSquare_solid.uexp" 332
"../../../Engine/Plugins/Animation/ControlRig/Content/Controls/ControlRig_RoundedSquare_3mm.ubulk" 333
"../../../Engine/Plugins/Animation/ControlRig/Content/Controls/ControlRig_RoundedSquare_3mm.uasset" 334
"../../../Engine/Plugins/Animation/ControlRig/Content/Controls/ControlRig_RoundedSquare_3mm.uexp" 335
"../../../Engine/Plugins/Animation/ControlRig/Content/Controls/ControlRig_RoundedSquare_1mm.ubulk" 336
"../../../Engine/Plugins/Animation/ControlRig/Content/Controls/ControlRig_RoundedSquare_1mm.uasset" 337
"../../../Engine/Plugins/Animation/ControlRig/Content/Controls/ControlRig_RoundedSquare_1mm.uexp" 338
"../../../Engine/Plugins/Animation/ControlRig/Content/Controls/ControlRig_QuarterCircle_solid.ubulk" 339
"../../../Engine/Plugins/Animation/ControlRig/Content/Controls/ControlRig_QuarterCircle_solid.uasset" 340
"../../../Engine/Plugins/Animation/ControlRig/Content/Controls/ControlRig_QuarterCircle_solid.uexp" 341
"../../../Engine/Plugins/Animation/ControlRig/Content/Controls/ControlRig_QuarterCircle_3mm.ubulk" 342
"../../../Engine/Plugins/Animation/ControlRig/Content/Controls/ControlRig_QuarterCircle_3mm.uasset" 343
"../../../Engine/Plugins/Animation/ControlRig/Content/Controls/ControlRig_QuarterCircle_3mm.uexp" 344
"../../../Engine/Plugins/Animation/ControlRig/Content/Controls/ControlRig_QuarterCircle_1mm.ubulk" 345
"../../../Engine/Plugins/Animation/ControlRig/Content/Controls/ControlRig_QuarterCircle_1mm.uasset" 346
"../../../Engine/Plugins/Animation/ControlRig/Content/Controls/ControlRig_QuarterCircle_1mm.uexp" 347
"../../../Engine/Plugins/Animation/ControlRig/Content/Controls/ControlRig_Pyramid_solid.ubulk" 348
"../../../Engine/Plugins/Animation/ControlRig/Content/Controls/ControlRig_Pyramid_solid.uasset" 349
"../../../Engine/Plugins/Animation/ControlRig/Content/Controls/ControlRig_Pyramid_solid.uexp" 350
"../../../Engine/Plugins/Animation/ControlRig/Content/Controls/ControlRig_Pyramid_3mm.ubulk" 351
"../../../Engine/Plugins/Animation/ControlRig/Content/Controls/ControlRig_Pyramid_3mm.uasset" 352
"../../../Engine/Plugins/Animation/ControlRig/Content/Controls/ControlRig_Pyramid_3mm.uexp" 353
"../../../Engine/Plugins/Animation/ControlRig/Content/Controls/ControlRig_Pyramid_1mm.ubulk" 354
"../../../Engine/Plugins/Animation/ControlRig/Content/Controls/ControlRig_Pyramid_1mm.uasset" 355
"../../../Engine/Plugins/Animation/ControlRig/Content/Controls/ControlRig_Pyramid_1mm.uexp" 356
"../../../Engine/Plugins/Animation/ControlRig/Content/Controls/ControlRig_Octagon_solid.ubulk" 357
"../../../Engine/Plugins/Animation/ControlRig/Content/Controls/ControlRig_Octagon_solid.uasset" 358
"../../../Engine/Plugins/Animation/ControlRig/Content/Controls/ControlRig_Octagon_solid.uexp" 359
"../../../Engine/Plugins/Animation/ControlRig/Content/Controls/ControlRig_Octagon_3mm.ubulk" 360
"../../../Engine/Plugins/Animation/ControlRig/Content/Controls/ControlRig_Octagon_3mm.uasset" 361
"../../../Engine/Plugins/Animation/ControlRig/Content/Controls/ControlRig_Octagon_3mm.uexp" 362
"../../../Engine/Plugins/Animation/ControlRig/Content/Controls/ControlRig_Octagon_1mm.ubulk" 363
"../../../Engine/Plugins/Animation/ControlRig/Content/Controls/ControlRig_Octagon_1mm.uasset" 364
"../../../Engine/Plugins/Animation/ControlRig/Content/Controls/ControlRig_Octagon_1mm.uexp" 365
"../../../Engine/Plugins/Animation/ControlRig/Content/Controls/ControlRig_Hexagon_solid.ubulk" 366
"../../../Engine/Plugins/Animation/ControlRig/Content/Controls/ControlRig_Hexagon_solid.uasset" 367
"../../../Engine/Plugins/Animation/ControlRig/Content/Controls/ControlRig_Hexagon_solid.uexp" 368
"../../../Engine/Plugins/Animation/ControlRig/Content/Controls/ControlRig_Hexagon_3mm.ubulk" 369
"../../../Engine/Plugins/Animation/ControlRig/Content/Controls/ControlRig_Hexagon_3mm.uasset" 370
"../../../Engine/Plugins/Animation/ControlRig/Content/Controls/ControlRig_Hexagon_3mm.uexp" 371
"../../../Engine/Plugins/Animation/ControlRig/Content/Controls/ControlRig_Hexagon_1mm.ubulk" 372
"../../../Engine/Plugins/Animation/ControlRig/Content/Controls/ControlRig_Hexagon_1mm.uasset" 373
"../../../Engine/Plugins/Animation/ControlRig/Content/Controls/ControlRig_Hexagon_1mm.uexp" 374
"../../../Engine/Plugins/Animation/ControlRig/Content/Controls/ControlRig_HalfCircle_solid.ubulk" 375
"../../../Engine/Plugins/Animation/ControlRig/Content/Controls/ControlRig_HalfCircle_solid.uasset" 376
"../../../Engine/Plugins/Animation/ControlRig/Content/Controls/ControlRig_HalfCircle_solid.uexp" 377
"../../../Engine/Plugins/Animation/ControlRig/Content/Controls/ControlRig_HalfCircle_3mm.ubulk" 378
"../../../Engine/Plugins/Animation/ControlRig/Content/Controls/ControlRig_HalfCircle_3mm.uasset" 379
"../../../Engine/Plugins/Animation/ControlRig/Content/Controls/ControlRig_HalfCircle_3mm.uexp" 380
"../../../Engine/Plugins/Animation/ControlRig/Content/Controls/ControlRig_HalfCircle_1mm.ubulk" 381
"../../../Engine/Plugins/Animation/ControlRig/Content/Controls/ControlRig_HalfCircle_1mm.uasset" 382
"../../../Engine/Plugins/Animation/ControlRig/Content/Controls/ControlRig_HalfCircle_1mm.uexp" 383
"../../../Engine/Plugins/Animation/ControlRig/Content/Controls/ControlRig_Diamond_solid.ubulk" 384
"../../../Engine/Plugins/Animation/ControlRig/Content/Controls/ControlRig_Diamond_solid.uasset" 385
"../../../Engine/Plugins/Animation/ControlRig/Content/Controls/ControlRig_Diamond_solid.uexp" 386
"../../../Engine/Plugins/Animation/ControlRig/Content/Controls/ControlRig_Diamond_3mm.ubulk" 387
"../../../Engine/Plugins/Animation/ControlRig/Content/Controls/ControlRig_Diamond_3mm.uasset" 388
"../../../Engine/Plugins/Animation/ControlRig/Content/Controls/ControlRig_Diamond_3mm.uexp" 389
"../../../Engine/Plugins/Animation/ControlRig/Content/Controls/ControlRig_Diamond_1mm.ubulk" 390
"../../../Engine/Plugins/Animation/ControlRig/Content/Controls/ControlRig_Diamond_1mm.uasset" 391
"../../../Engine/Plugins/Animation/ControlRig/Content/Controls/ControlRig_Diamond_1mm.uexp" 392
"../../../Engine/Plugins/Animation/ControlRig/Content/Controls/ControlRig_Circle_solid.ubulk" 393
"../../../Engine/Plugins/Animation/ControlRig/Content/Controls/ControlRig_Circle_solid.uasset" 394
"../../../Engine/Plugins/Animation/ControlRig/Content/Controls/ControlRig_Circle_solid.uexp" 395
"../../../Engine/Plugins/Animation/ControlRig/Content/Controls/ControlRig_Circle_3mm.ubulk" 396
"../../../Engine/Plugins/Animation/ControlRig/Content/Controls/ControlRig_Circle_3mm.uasset" 397
"../../../Engine/Plugins/Animation/ControlRig/Content/Controls/ControlRig_Circle_3mm.uexp" 398
"../../../Engine/Plugins/Animation/ControlRig/Content/Controls/ControlRig_Circle_1mm.ubulk" 399
"../../../Engine/Plugins/Animation/ControlRig/Content/Controls/ControlRig_Circle_1mm.uasset" 400
"../../../Engine/Plugins/Animation/ControlRig/Content/Controls/ControlRig_Circle_1mm.uexp" 401
"../../../Engine/Plugins/Animation/ControlRig/Content/Controls/ControlRig_Box_solid.ubulk" 402
"../../../Engine/Plugins/Animation/ControlRig/Content/Controls/ControlRig_Box_solid.uasset" 403
"../../../Engine/Plugins/Animation/ControlRig/Content/Controls/ControlRig_Box_solid.uexp" 404
"../../../Engine/Plugins/Animation/ControlRig/Content/Controls/ControlRig_Box_3mm.ubulk" 405
"../../../Engine/Plugins/Animation/ControlRig/Content/Controls/ControlRig_Box_3mm.uasset" 406
"../../../Engine/Plugins/Animation/ControlRig/Content/Controls/ControlRig_Box_3mm.uexp" 407
"../../../Engine/Plugins/Animation/ControlRig/Content/Controls/ControlRig_Box_1mm.ubulk" 408
"../../../Engine/Plugins/Animation/ControlRig/Content/Controls/ControlRig_Box_1mm.uasset" 409
"../../../Engine/Plugins/Animation/ControlRig/Content/Controls/ControlRig_Box_1mm.uexp" 410
"../../../Engine/Plugins/Animation/ControlRig/Content/Controls/ControlRig_Arrow_solid.ubulk" 411
"../../../Engine/Plugins/Animation/ControlRig/Content/Controls/ControlRig_Arrow_solid.uasset" 412
"../../../Engine/Plugins/Animation/ControlRig/Content/Controls/ControlRig_Arrow_solid.uexp" 413
"../../../Engine/Plugins/Animation/ControlRig/Content/Controls/ControlRig_Arrow_3mm.ubulk" 414
"../../../Engine/Plugins/Animation/ControlRig/Content/Controls/ControlRig_Arrow_3mm.uasset" 415
"../../../Engine/Plugins/Animation/ControlRig/Content/Controls/ControlRig_Arrow_3mm.uexp" 416
"../../../Engine/Plugins/Animation/ControlRig/Content/Controls/ControlRig_Arrow_1mm.ubulk" 417
"../../../Engine/Plugins/Animation/ControlRig/Content/Controls/ControlRig_Arrow_1mm.uasset" 418
"../../../Engine/Plugins/Animation/ControlRig/Content/Controls/ControlRig_Arrow_1mm.uexp" 419
"../../../Engine/Plugins/Animation/ControlRig/Content/Controls/ControlRig_Arrow4_solid.ubulk" 420
"../../../Engine/Plugins/Animation/ControlRig/Content/Controls/ControlRig_Arrow4_solid.uasset" 421
"../../../Engine/Plugins/Animation/ControlRig/Content/Controls/ControlRig_Arrow4_solid.uexp" 422
"../../../Engine/Plugins/Animation/ControlRig/Content/Controls/ControlRig_Arrow4_3mm.ubulk" 423
"../../../Engine/Plugins/Animation/ControlRig/Content/Controls/ControlRig_Arrow4_3mm.uasset" 424
"../../../Engine/Plugins/Animation/ControlRig/Content/Controls/ControlRig_Arrow4_3mm.uexp" 425
"../../../Engine/Plugins/Animation/ControlRig/Content/Controls/ControlRig_Arrow4_1mm.ubulk" 426
"../../../Engine/Plugins/Animation/ControlRig/Content/Controls/ControlRig_Arrow4_1mm.uasset" 427
"../../../Engine/Plugins/Animation/ControlRig/Content/Controls/ControlRig_Arrow4_1mm.uexp" 428
"../../../Engine/Plugins/Animation/ControlRig/Content/Controls/ControlRig_Arrow2_solid.ubulk" 429
"../../../Engine/Plugins/Animation/ControlRig/Content/Controls/ControlRig_Arrow2_solid.uasset" 430
"../../../Engine/Plugins/Animation/ControlRig/Content/Controls/ControlRig_Arrow2_solid.uexp" 431
"../../../Engine/Plugins/Animation/ControlRig/Content/Controls/ControlRig_Arrow2_3mm.ubulk" 432
"../../../Engine/Plugins/Animation/ControlRig/Content/Controls/ControlRig_Arrow2_3mm.uasset" 433
"../../../Engine/Plugins/Animation/ControlRig/Content/Controls/ControlRig_Arrow2_3mm.uexp" 434
"../../../Engine/Plugins/Animation/ControlRig/Content/Controls/ControlRig_Arrow2_1mm.ubulk" 435
"../../../Engine/Plugins/Animation/ControlRig/Content/Controls/ControlRig_Arrow2_1mm.uasset" 436
"../../../Engine/Plugins/Animation/ControlRig/Content/Controls/ControlRig_Arrow2_1mm.uexp" 437
"../../../Engine/Plugins/Animation/ControlRig/Content/Controls/ControlRigXRayMaterial.uasset" 438
"../../../Engine/Plugins/Animation/ControlRig/Content/Controls/ControlRigXRayMaterial.uexp" 439
"../../../Engine/Plugins/Animation/ControlRig/Content/Controls/ControlRigGizmoMaterial.uasset" 440
"../../../Engine/Plugins/Animation/ControlRig/Content/Controls/ControlRigGizmoMaterial.uexp" 441
"../../../Engine/Plugins/Animation/ACLPlugin/Content/ACLAnimCurveCompressionSettings.uasset" 442
"../../../Engine/Plugins/Animation/ACLPlugin/Content/ACLAnimCurveCompressionSettings.uexp" 443
"../../../Engine/Plugins/Animation/ACLPlugin/Content/ACLAnimBoneCompressionSettings.uasset" 444
"../../../Engine/Plugins/Animation/ACLPlugin/Content/ACLAnimBoneCompressionSettings.uexp" 445
"../../../Engine/Plugins/2D/Paper2D/Content/PlaceholderTextures/DummySpriteTexture.ubulk" 446
"../../../Engine/Plugins/2D/Paper2D/Content/PlaceholderTextures/DummySpriteTexture.uasset" 447
"../../../Engine/Plugins/2D/Paper2D/Content/PlaceholderTextures/DummySpriteTexture.uexp" 448
"../../../Engine/Plugins/2D/Paper2D/Content/DefaultSpriteMaterial.uasset" 449
"../../../Engine/Plugins/2D/Paper2D/Content/DefaultSpriteMaterial.uexp" 450
"../../../Engine/Plugins/2D/Paper2D/Content/OpaqueUnlitSpriteMaterial.uasset" 451
"../../../Engine/Plugins/2D/Paper2D/Content/OpaqueUnlitSpriteMaterial.uexp" 452
"../../../Engine/Plugins/2D/Paper2D/Content/MaskedUnlitSpriteMaterial.uasset" 453
"../../../Engine/Plugins/2D/Paper2D/Content/MaskedUnlitSpriteMaterial.uexp" 454
"../../../Engine/Plugins/2D/Paper2D/Content/DummySprite.uasset" 455
"../../../Engine/Plugins/2D/Paper2D/Content/DummySprite.uexp" 456
"../../../Engine/Plugins/2D/Paper2D/Content/DefaultPaperTerrainMaterial.uasset" 457
"../../../Engine/Plugins/2D/Paper2D/Content/DefaultPaperTerrainMaterial.uexp" 458
"../../../Engine/Content/VREditor/TransformGizmo/StartRotationHandleIndicator.ubulk" 459
"../../../Engine/Content/VREditor/TransformGizmo/StartRotationHandleIndicator.uasset" 460
"../../../Engine/Content/VREditor/TransformGizmo/StartRotationHandleIndicator.uexp" 461
"../../../Engine/Content/VREditor/Sounds/UI/Drop_Item_From_ContentBrowser.ubulk" 462
"../../../Engine/Content/VREditor/Sounds/UI/Drop_Item_From_ContentBrowser.uasset" 463
"../../../Engine/Content/VREditor/Sounds/UI/Drop_Item_From_ContentBrowser.uexp" 464
"../../../Engine/Content/VREditor/TransformGizmo/PlaneTranslationHandle.ubulk" 465
"../../../Engine/Content/VREditor/TransformGizmo/PlaneTranslationHandle.uasset" 466
"../../../Engine/Content/VREditor/TransformGizmo/PlaneTranslationHandle.uexp" 467
"../../../Engine/Content/VREditor/Sounds/UI/Object_Snaps_To_Grid.ubulk" 468
"../../../Engine/Content/VREditor/Sounds/UI/Object_Snaps_To_Grid.uasset" 469
"../../../Engine/Content/VREditor/Sounds/UI/Object_Snaps_To_Grid.uexp" 470
"../../../Engine/Content/VREditor/Sounds/UI/Selection_Changes.ubulk" 471
"../../../Engine/Content/VREditor/Sounds/UI/Selection_Changes.uasset" 472
"../../../Engine/Content/VREditor/Sounds/UI/Selection_Changes.uexp" 473
"../../../Engine/Content/VREditor/Sounds/UI/Object_Snaps_To_Another_Actor.ubulk" 474
"../../../Engine/Content/VREditor/Sounds/UI/Object_Snaps_To_Another_Actor.uasset" 475
"../../../Engine/Content/VREditor/Sounds/UI/Object_Snaps_To_Another_Actor.uexp" 476
"../../../Engine/Content/VREditor/TransformGizmo/TranslucentTransformGizmoMaterial_Inst.uasset" 477
"../../../Engine/Content/VREditor/TransformGizmo/TranslucentTransformGizmoMaterial_Inst.uexp" 478
"../../../Engine/Content/VREditor/TransformGizmo/TransformGizmoFreeRotation.ubulk" 479
"../../../Engine/Content/VREditor/TransformGizmo/TransformGizmoFreeRotation.uasset" 480
"../../../Engine/Content/VREditor/TransformGizmo/TransformGizmoFreeRotation.uexp" 481
"../../../Engine/Content/VREditor/Sounds/UI/Scaling_Down.ubulk" 482
"../../../Engine/Content/VREditor/Sounds/UI/Scaling_Down.uasset" 483
"../../../Engine/Content/VREditor/Sounds/UI/Scaling_Down.uexp" 484
"../../../Engine/Content/Functions/Engine_MaterialFunctions02/Math/Transform3x3Matrix.uasset" 485
"../../../Engine/Content/Functions/Engine_MaterialFunctions02/Math/Transform3x3Matrix.uexp" 486
"../../../Engine/Content/Functions/Engine_MaterialFunctions02/SplitComponents.uasset" 487
"../../../Engine/Content/Functions/Engine_MaterialFunctions02/SplitComponents.uexp" 488
"../../../Engine/Content/Functions/Engine_MaterialFunctions02/Utility/MakeFloat3.uasset" 489
"../../../Engine/Content/Functions/Engine_MaterialFunctions02/Utility/MakeFloat3.uexp" 490
"../../../Engine/Content/VREditor/SnapGrid/SnapGridMaterial.uasset" 491
"../../../Engine/Content/VREditor/SnapGrid/SnapGridMaterial.uexp" 492
"../../../Engine/Content/VREditor/SnapGrid/SnapGridPlaneMesh.ubulk" 493
"../../../Engine/Content/VREditor/SnapGrid/SnapGridPlaneMesh.uasset" 494
"../../../Engine/Content/VREditor/SnapGrid/SnapGridPlaneMesh.uexp" 495
"../../../Engine/Content/VREditor/Sounds/UI/Scaling_Up.ubulk" 496
"../../../Engine/Content/VREditor/Sounds/UI/Scaling_Up.uasset" 497
"../../../Engine/Content/VREditor/Sounds/UI/Scaling_Up.uexp" 498
"../../../Engine/Content/VREditor/TransformGizmo/TransformGizmoMaterial_Inst.uasset" 499
"../../../Engine/Content/VREditor/TransformGizmo/TransformGizmoMaterial_Inst.uexp" 500
"../../../Engine/Content/VREditor/Sounds/UI/Gizmo_Handle_Clicked.ubulk" 501
"../../../Engine/Content/VREditor/Sounds/UI/Gizmo_Handle_Clicked.uasset" 502
"../../../Engine/Content/VREditor/Sounds/UI/Gizmo_Handle_Clicked.uexp" 503
"../../../Engine/Content/VREditor/TransformGizmo/RotationHandleQuarter.ubulk" 504
"../../../Engine/Content/VREditor/TransformGizmo/RotationHandleQuarter.uasset" 505
"../../../Engine/Content/VREditor/TransformGizmo/RotationHandleQuarter.uexp" 506
"../../../Engine/Content/VREditor/TransformGizmo/TranslateArrowHandle.ubulk" 507
"../../../Engine/Content/VREditor/TransformGizmo/TranslateArrowHandle.uasset" 508
"../../../Engine/Content/VREditor/TransformGizmo/TranslateArrowHandle.uexp" 509
"../../../Engine/Content/VREditor/TransformGizmo/RotationHandleIndicator.ubulk" 510
"../../../Engine/Content/VREditor/TransformGizmo/RotationHandleIndicator.uasset" 511
"../../../Engine/Content/VREditor/TransformGizmo/RotationHandleIndicator.uexp" 512
"../../../Engine/Content/VREditor/TransformGizmo/UniformScaleHandle.ubulk" 513
"../../../Engine/Content/VREditor/TransformGizmo/UniformScaleHandle.uasset" 514
"../../../Engine/Content/VREditor/TransformGizmo/UniformScaleHandle.uexp" 515
"../../../Engine/Content/VREditor/TransformGizmo/RotationHandleFull.ubulk" 516
"../../../Engine/Content/VREditor/TransformGizmo/RotationHandleFull.uasset" 517
"../../../Engine/Content/VREditor/TransformGizmo/RotationHandleFull.uexp" 518
"../../../Engine/Content/VREditor/Sounds/UI/Object_PickUp.ubulk" 519
"../../../Engine/Content/VREditor/Sounds/UI/Object_PickUp.uasset" 520
"../../../Engine/Content/VREditor/Sounds/UI/Object_PickUp.uexp" 521
"../../../Engine/Content/EngineSounds/Master.uasset" 522
"../../../Engine/Content/EngineSounds/Master.uexp" 523
"../../../Engine/Content/EngineResources/WhiteSquareTexture.uasset" 524
"../../../Engine/Content/EngineResources/WhiteSquareTexture.uexp" 525
"../../../Engine/Content/EngineMaterials/Widget3DPassThrough.uasset" 526
"../../../Engine/Content/EngineMaterials/Widget3DPassThrough.uexp" 527
"../../../Engine/Content/EngineMaterials/Widget3DPassThrough_Translucent.uasset" 528
"../../../Engine/Content/EngineMaterials/Widget3DPassThrough_Translucent.uexp" 529
"../../../Engine/Content/EngineMaterials/Widget3DPassThrough_Translucent_OneSided.uasset" 530
"../../../Engine/Content/EngineMaterials/Widget3DPassThrough_Translucent_OneSided.uexp" 531
"../../../Engine/Content/EngineMaterials/Widget3DPassThrough_Opaque.uasset" 532
"../../../Engine/Content/EngineMaterials/Widget3DPassThrough_Opaque.uexp" 533
"../../../Engine/Content/EngineMaterials/Widget3DPassThrough_Opaque_OneSided.uasset" 534
"../../../Engine/Content/EngineMaterials/Widget3DPassThrough_Opaque_OneSided.uexp" 535
"../../../Engine/Content/EngineMaterials/Widget3DPassThrough_Masked_OneSided.uasset" 536
"../../../Engine/Content/EngineMaterials/Widget3DPassThrough_Masked_OneSided.uexp" 537
"../../../Engine/Content/EngineMaterials/Widget3DPassThrough_Masked.uasset" 538
"../../../Engine/Content/EngineMaterials/Widget3DPassThrough_Masked.uexp" 539
"../../../Engine/Content/EngineMaterials/STBlueNoise_vec2_128x128x64.uasset" 540
"../../../Engine/Content/EngineMaterials/STBlueNoise_vec2_128x128x64.uexp" 541
"../../../Engine/Content/EngineMaterials/STBlueNoise_scalar_128x128x64.uasset" 542
"../../../Engine/Content/EngineMaterials/STBlueNoise_scalar_128x128x64.uexp" 543
"../../../Engine/Content/EngineMaterials/RemoveSurfaceMaterial.uasset" 544
"../../../Engine/Content/EngineMaterials/RemoveSurfaceMaterial.uexp" 545
"../../../Engine/Content/EngineMaterials/DefaultCalibrationGrayscale.uasset" 546
"../../../Engine/Content/EngineMaterials/DefaultCalibrationGrayscale.uexp" 547
"../../../Engine/Content/EngineMaterials/PPM_DefaultCalibrationGrayscale.uasset" 548
"../../../Engine/Content/EngineMaterials/PPM_DefaultCalibrationGrayscale.uexp" 549
"../../../Engine/Content/EngineMaterials/DefaultCalibrationColor.uasset" 550
"../../../Engine/Content/EngineMaterials/DefaultCalibrationColor.uexp" 551
"../../../Engine/Content/EngineMaterials/PPM_DefaultCalibrationColor.uasset" 552
"../../../Engine/Content/EngineMaterials/PPM_DefaultCalibrationColor.uexp" 553
"../../../Engine/Content/EngineMaterials/PhAT_JointLimitMaterial.uasset" 554
"../../../Engine/Content/EngineMaterials/PhAT_JointLimitMaterial.uexp" 555
"../../../Engine/Content/EngineMaterials/NaniteHiddenSectionMaterial.uasset" 556
"../../../Engine/Content/EngineMaterials/NaniteHiddenSectionMaterial.uexp" 557
"../../../Engine/Content/EngineMaterials/InvalidLightmapSettings.ubulk" 558
"../../../Engine/Content/EngineMaterials/InvalidLightmapSettings.uasset" 559
"../../../Engine/Content/EngineMaterials/InvalidLightmapSettings.uexp" 560
"../../../Engine/Content/EngineMaterials/M_InvalidLightmapSettings.uasset" 561
"../../../Engine/Content/EngineMaterials/M_InvalidLightmapSettings.uexp" 562
"../../../Engine/Content/EngineMaterials/GizmoMaterial.uasset" 563
"../../../Engine/Content/EngineMaterials/GizmoMaterial.uexp" 564
"../../../Engine/Content/EngineMaterials/BaseFlattenEmissiveMap_VT.uasset" 565
"../../../Engine/Content/EngineMaterials/BaseFlattenEmissiveMap_VT.uexp" 566
"../../../Engine/Content/EngineMaterials/BaseFlattenGrayscaleMap_VT.uasset" 567
"../../../Engine/Content/EngineMaterials/BaseFlattenGrayscaleMap_VT.uexp" 568
"../../../Engine/Content/EngineMaterials/BaseFlattenLinearColor_VT.uasset" 569
"../../../Engine/Content/EngineMaterials/BaseFlattenLinearColor_VT.uexp" 570
"../../../Engine/Content/EngineMaterials/Black_1x1_EXR_Texture_VT.uasset" 571
"../../../Engine/Content/EngineMaterials/Black_1x1_EXR_Texture_VT.uexp" 572
"../../../Engine/Content/EngineMaterials/BaseFlattenDiffuseMap_VT.uasset" 573
"../../../Engine/Content/EngineMaterials/BaseFlattenDiffuseMap_VT.uexp" 574
"../../../Engine/Content/EngineMaterials/BaseFlattenNormalMap_VT.uasset" 575
"../../../Engine/Content/EngineMaterials/BaseFlattenNormalMap_VT.uexp" 576
"../../../Engine/Content/EngineMaterials/FlattenMaterial_WS_Normal_VT.uasset" 577
"../../../Engine/Content/EngineMaterials/FlattenMaterial_WS_Normal_VT.uexp" 578
"../../../Engine/Content/EngineMaterials/FlattenMaterial_VT.uasset" 579
"../../../Engine/Content/EngineMaterials/FlattenMaterial_VT.uexp" 580
"../../../Engine/Content/EngineMaterials/BaseFlattenNormalMap.uasset" 581
"../../../Engine/Content/EngineMaterials/BaseFlattenNormalMap.uexp" 582
"../../../Engine/Content/EngineMaterials/BaseFlattenGrayscaleMap.uasset" 583
"../../../Engine/Content/EngineMaterials/BaseFlattenGrayscaleMap.uexp" 584
"../../../Engine/Content/EngineMaterials/BaseFlattenDiffuseMap.uasset" 585
"../../../Engine/Content/EngineMaterials/BaseFlattenDiffuseMap.uexp" 586
"../../../Engine/Content/Functions/Engine_MaterialFunctions02/PivotPainter2/Black_1x1_EXR_Texture.uasset" 587
"../../../Engine/Content/Functions/Engine_MaterialFunctions02/PivotPainter2/Black_1x1_EXR_Texture.uexp" 588
"../../../Engine/Content/EngineMaterials/BaseFlattenEmissiveMap.uasset" 589
"../../../Engine/Content/EngineMaterials/BaseFlattenEmissiveMap.uexp" 590
"../../../Engine/Content/EngineMaterials/BaseFlattenLinearColor.uasset" 591
"../../../Engine/Content/EngineMaterials/BaseFlattenLinearColor.uexp" 592
"../../../Engine/Content/EngineMaterials/FlattenMaterial.uasset" 593
"../../../Engine/Content/EngineMaterials/FlattenMaterial.uexp" 594
"../../../Engine/Content/EngineMaterials/DefaultWhiteGrid_Low.uasset" 595
"../../../Engine/Content/EngineMaterials/DefaultWhiteGrid_Low.uexp" 596
"../../../Engine/Content/EngineMaterials/EmissiveMeshMaterial.uasset" 597
"../../../Engine/Content/EngineMaterials/EmissiveMeshMaterial.uexp" 598
"../../../Engine/Content/EngineFonts/RobotoDistanceField.uasset" 599
"../../../Engine/Content/EngineFonts/RobotoDistanceField.uexp" 600
"../../../Engine/Content/EngineMaterials/DefaultTextMaterialOpaque.uasset" 601
"../../../Engine/Content/EngineMaterials/DefaultTextMaterialOpaque.uexp" 602
"../../../Engine/Content/EngineMaterials/DefaultDiffuse.ubulk" 603
"../../../Engine/Content/EngineMaterials/DefaultDiffuse.uasset" 604
"../../../Engine/Content/EngineMaterials/DefaultDiffuse.uexp" 605
"../../../Engine/Content/Functions/Engine_MaterialFunctions02/Utility/BreakOutFloat2Components.uasset" 606
"../../../Engine/Content/Functions/Engine_MaterialFunctions02/Utility/BreakOutFloat2Components.uexp" 607
"../../../Engine/Content/EngineMaterials/DefaultPostProcessMaterial.uasset" 608
"../../../Engine/Content/EngineMaterials/DefaultPostProcessMaterial.uexp" 609
"../../../Engine/Content/EngineMaterials/DefaultPhysicalMaterial.uasset" 610
"../../../Engine/Content/EngineMaterials/DefaultPhysicalMaterial.uexp" 611
"../../../Engine/Content/EngineMaterials/DefaultLightFunctionMaterial.uasset" 612
"../../../Engine/Content/EngineMaterials/DefaultLightFunctionMaterial.uexp" 613
"../../../Engine/Content/EngineMaterials/DefaultDestructiblePhysicalMaterial.uasset" 614
"../../../Engine/Content/EngineMaterials/DefaultDestructiblePhysicalMaterial.uexp" 615
"../../../Engine/Content/EngineMaterials/DefaultDeferredDecalMaterial.uasset" 616
"../../../Engine/Content/EngineMaterials/DefaultDeferredDecalMaterial.uexp" 617
"../../../Engine/Content/EngineMaterials/DefaultBloomKernel.uasset" 618
"../../../Engine/Content/EngineMaterials/DefaultBloomKernel.uexp" 619
"../../../Engine/Content/EngineFonts/Faces/RobotoLight.uexp" 620
"../../../Engine/Content/EngineFonts/Faces/RobotoLight.uasset" 621
"../../../Engine/Content/EngineFonts/Faces/RobotoLight.ufont" 622
"../../../Engine/Content/EngineFonts/Faces/RobotoBold.uexp" 623
"../../../Engine/Content/EngineFonts/Faces/RobotoBold.uasset" 624
"../../../Engine/Content/EngineFonts/Faces/RobotoBold.ufont" 625
"../../../Engine/Content/EngineFonts/Faces/RobotoRegular.uexp" 626
"../../../Engine/Content/EngineFonts/Faces/RobotoRegular.uasset" 627
"../../../Engine/Content/EngineFonts/Faces/RobotoRegular.ufont" 628
"../../../Engine/Content/EngineFonts/Faces/DroidSansFallback.uexp" 629
"../../../Engine/Content/EngineFonts/Faces/DroidSansFallback.uasset" 630
"../../../Engine/Content/EngineFonts/Faces/DroidSansFallback.ufont" 631
"../../../Engine/Content/EngineFonts/Faces/RobotoItalic.uexp" 632
"../../../Engine/Content/EngineFonts/Faces/RobotoItalic.uasset" 633
"../../../Engine/Content/EngineFonts/Faces/RobotoItalic.ufont" 634
"../../../Engine/Content/EngineFonts/Faces/RobotoBoldItalic.uexp" 635
"../../../Engine/Content/EngineFonts/Faces/RobotoBoldItalic.uasset" 636
"../../../Engine/Content/EngineFonts/Faces/RobotoBoldItalic.ufont" 637
"../../../Engine/Content/EngineFonts/Roboto.uasset" 638
"../../../Engine/Content/EngineFonts/Roboto.uexp" 639
"../../../Engine/Content/EngineDebugMaterials/VolumeToRender.uasset" 640
"../../../Engine/Content/EngineDebugMaterials/VolumeToRender.uexp" 641
"../../../Engine/Content/EngineDebugMaterials/M_VolumeRenderSphereTracePP.uasset" 642
"../../../Engine/Content/EngineDebugMaterials/M_VolumeRenderSphereTracePP.uexp" 643
"../../../Engine/Content/EngineDebugMaterials/M_SimpleUnlitTranslucent.uasset" 644
"../../../Engine/Content/EngineDebugMaterials/M_SimpleUnlitTranslucent.uexp" 645
"../../../Engine/Content/EngineDebugMaterials/DebugMeshMaterial.uasset" 646
"../../../Engine/Content/EngineDebugMaterials/DebugMeshMaterial.uexp" 647
"../../../Engine/Content/EngineDebugMaterials/DebugEditorMaterial.uasset" 648
"../../../Engine/Content/EngineDebugMaterials/DebugEditorMaterial.uexp" 649
"../../../Engine/Content/EngineDamageTypes/DmgTypeBP_Environmental.uasset" 650
"../../../Engine/Content/EngineDamageTypes/DmgTypeBP_Environmental.uexp" 651
"../../../Engine/Content/EditorResources/S_Terrain.ubulk" 652
"../../../Engine/Content/EditorResources/S_Terrain.uasset" 653
"../../../Engine/Content/EditorResources/S_Terrain.uexp" 654
"../../../Engine/Content/EditorResources/EmptyActor.uasset" 655
"../../../Engine/Content/EditorResources/EmptyActor.uexp" 656
"../../../Engine/Content/EditorResources/BSPVertex.uasset" 657
"../../../Engine/Content/EditorResources/BSPVertex.uexp" 658
"../../../Engine/Content/EditorMaterials/PreviewShadowIndicator.ubulk" 659
"../../../Engine/Content/EditorMaterials/PreviewShadowIndicator.uasset" 660
"../../../Engine/Content/EditorMaterials/PreviewShadowIndicator.uexp" 661
"../../../Engine/Content/EditorMaterials/PreviewShadowIndicatorMaterial.uasset" 662
"../../../Engine/Content/EditorMaterials/PreviewShadowIndicatorMaterial.uexp" 663
"../../../Engine/Content/EditorMaterials/PhAT_UnselectedMaterial.uasset" 664
"../../../Engine/Content/EditorMaterials/PhAT_UnselectedMaterial.uexp" 665
"../../../Engine/Content/EditorMaterials/PhAT_NoCollisionMaterial.uasset" 666
"../../../Engine/Content/EditorMaterials/PhAT_NoCollisionMaterial.uexp" 667
"../../../Engine/Content/EditorLandscapeResources/DefaultAlphaTexture.uasset" 668
"../../../Engine/Content/EditorLandscapeResources/DefaultAlphaTexture.uexp" 669
"../../../Engine/Content/EditorLandscapeResources/DataLayer.uasset" 670
"../../../Engine/Content/EditorLandscapeResources/DataLayer.uexp" 671
"../../../Engine/Content/EngineMaterials/DefaultMaterial.uasset" 672
"../../../Engine/Content/EngineMaterials/DefaultMaterial.uexp" 673
"../../../Engine/Content/BasicShapes/Sphere.ubulk" 674
"../../../Engine/Content/BasicShapes/Sphere.uasset" 675
"../../../Engine/Content/BasicShapes/Sphere.uexp" 676
"../../../Engine/Content/BasicShapes/Plane.ubulk" 677
"../../../Engine/Content/BasicShapes/Plane.uasset" 678
"../../../Engine/Content/BasicShapes/Plane.uexp" 679
"../../../Engine/Content/BasicShapes/Cylinder.ubulk" 680
"../../../Engine/Content/BasicShapes/Cylinder.uasset" 681
"../../../Engine/Content/BasicShapes/Cylinder.uexp" 682
"../../../Engine/Content/BasicShapes/Cone.ubulk" 683
"../../../Engine/Content/BasicShapes/Cone.uasset" 684
"../../../Engine/Content/BasicShapes/Cone.uexp" 685
"../../../Engine/Content/Animation/DefaultVariableFrameStrippingSettings.uasset" 686
"../../../Engine/Content/Animation/DefaultVariableFrameStrippingSettings.uexp" 687
"../../../Engine/Content/Animation/DefaultRecorderBoneCompression.uasset" 688
"../../../Engine/Content/Animation/DefaultRecorderBoneCompression.uexp" 689
"../../../Engine/Plugins/Interchange/Runtime/Content/gltf/MaterialFunctions/MF_RotateV2.uasset" 690
"../../../Engine/Plugins/Interchange/Runtime/Content/gltf/MaterialFunctions/MF_RotateV2.uexp" 691
"../../../Engine/Plugins/Interchange/Runtime/Content/gltf/MaterialFunctions/MF_TransformUVs.uasset" 692
"../../../Engine/Plugins/Interchange/Runtime/Content/gltf/MaterialFunctions/MF_TransformUVs.uexp" 693
"../../../Engine/Plugins/Interchange/Runtime/Content/gltf/Textures/T_White_srgb.uasset" 694
"../../../Engine/Plugins/Interchange/Runtime/Content/gltf/Textures/T_White_srgb.uexp" 695
"../../../Engine/Plugins/Interchange/Runtime/Content/gltf/MaterialFunctions/MF_BaseColor.uasset" 696
"../../../Engine/Plugins/Interchange/Runtime/Content/gltf/MaterialFunctions/MF_BaseColor.uexp" 697
"../../../Engine/Plugins/Interchange/Runtime/Content/gltf/MaterialBodies/MF_Unlit_Body.uasset" 698
"../../../Engine/Plugins/Interchange/Runtime/Content/gltf/MaterialBodies/MF_Unlit_Body.uexp" 699
"../../../Engine/Plugins/Interchange/Runtime/Content/gltf/M_Unlit.uasset" 700
"../../../Engine/Plugins/Interchange/Runtime/Content/gltf/M_Unlit.uexp" 701
"../../../Engine/Plugins/Interchange/Runtime/Content/gltf/MaterialInstances/MI_Unlit_Opaque_DS.uasset" 702
"../../../Engine/Plugins/Interchange/Runtime/Content/gltf/MaterialInstances/MI_Unlit_Opaque_DS.uexp" 703
"../../../Engine/Plugins/Interchange/Runtime/Content/gltf/MaterialInstances/MI_Unlit_Opaque.uasset" 704
"../../../Engine/Plugins/Interchange/Runtime/Content/gltf/MaterialInstances/MI_Unlit_Opaque.uexp" 705
"../../../Engine/Plugins/Interchange/Runtime/Content/gltf/MaterialInstances/MI_Unlit_Mask_DS.uasset" 706
"../../../Engine/Plugins/Interchange/Runtime/Content/gltf/MaterialInstances/MI_Unlit_Mask_DS.uexp" 707
"../../../Engine/Plugins/Interchange/Runtime/Content/gltf/MaterialInstances/MI_Unlit_Mask.uasset" 708
"../../../Engine/Plugins/Interchange/Runtime/Content/gltf/MaterialInstances/MI_Unlit_Mask.uexp" 709
"../../../Engine/Plugins/Interchange/Runtime/Content/gltf/MaterialInstances/MI_Unlit_Blend_DS.uasset" 710
"../../../Engine/Plugins/Interchange/Runtime/Content/gltf/MaterialInstances/MI_Unlit_Blend_DS.uexp" 711
"../../../Engine/Plugins/Interchange/Runtime/Content/gltf/MaterialInstances/MI_Unlit_Blend.uasset" 712
"../../../Engine/Plugins/Interchange/Runtime/Content/gltf/MaterialInstances/MI_Unlit_Blend.uexp" 713
"../../../Engine/Plugins/Interchange/Runtime/Content/gltf/MaterialFunctions/MF_Iridescence.uasset" 714
"../../../Engine/Plugins/Interchange/Runtime/Content/gltf/MaterialFunctions/MF_Iridescence.uexp" 715
"../../../Engine/Plugins/Interchange/Runtime/Content/gltf/Textures/T_White_Linear.uasset" 716
"../../../Engine/Plugins/Interchange/Runtime/Content/gltf/Textures/T_White_Linear.uexp" 717
"../../../Engine/Plugins/Interchange/Runtime/Content/gltf/MaterialFunctions/MF_MetallicRoughness.uasset" 718
"../../../Engine/Plugins/Interchange/Runtime/Content/gltf/MaterialFunctions/MF_MetallicRoughness.uexp" 719
"../../../Engine/Plugins/Interchange/Runtime/Content/gltf/MaterialFunctions/MF_Transmission.uasset" 720
"../../../Engine/Plugins/Interchange/Runtime/Content/gltf/MaterialFunctions/MF_Transmission.uexp" 721
"../../../Engine/Plugins/Interchange/Runtime/Content/gltf/MaterialFunctions/MF_Occlusion.uasset" 722
"../../../Engine/Plugins/Interchange/Runtime/Content/gltf/MaterialFunctions/MF_Occlusion.uexp" 723
"../../../Engine/Plugins/Interchange/Runtime/Content/gltf/MaterialFunctions/MF_Specular.uasset" 724
"../../../Engine/Plugins/Interchange/Runtime/Content/gltf/MaterialFunctions/MF_Specular.uexp" 725
"../../../Engine/Plugins/Interchange/Runtime/Content/gltf/MaterialFunctions/MF_IOR.uasset" 726
"../../../Engine/Plugins/Interchange/Runtime/Content/gltf/MaterialFunctions/MF_IOR.uexp" 727
"../../../Engine/Plugins/Interchange/Runtime/Content/gltf/MaterialFunctions/MF_RotateNormals_TS.uasset" 728
"../../../Engine/Plugins/Interchange/Runtime/Content/gltf/MaterialFunctions/MF_RotateNormals_TS.uexp" 729
"../../../Engine/Plugins/Interchange/Runtime/Content/gltf/Textures/T_Generic_N.uasset" 730
"../../../Engine/Plugins/Interchange/Runtime/Content/gltf/Textures/T_Generic_N.uexp" 731
"../../../Engine/Plugins/Interchange/Runtime/Content/gltf/MaterialFunctions/MF_Normals.uasset" 732
"../../../Engine/Plugins/Interchange/Runtime/Content/gltf/MaterialFunctions/MF_Normals.uexp" 733
"../../../Engine/Plugins/Interchange/Runtime/Content/gltf/MaterialBodies/MF_Transmission_Body.uasset" 734
"../../../Engine/Plugins/Interchange/Runtime/Content/gltf/MaterialBodies/MF_Transmission_Body.uexp" 735
"../../../Engine/Plugins/Interchange/Runtime/Content/gltf/M_Transmission.uasset" 736
"../../../Engine/Plugins/Interchange/Runtime/Content/gltf/M_Transmission.uexp" 737
"../../../Engine/Plugins/Interchange/Runtime/Content/gltf/MaterialInstances/MI_Transmission_DS.uasset" 738
"../../../Engine/Plugins/Interchange/Runtime/Content/gltf/MaterialInstances/MI_Transmission_DS.uexp" 739
"../../../Engine/Plugins/Interchange/Runtime/Content/gltf/MaterialInstances/MI_Transmission.uasset" 740
"../../../Engine/Plugins/Interchange/Runtime/Content/gltf/MaterialInstances/MI_Transmission.uexp" 741
"../../../Engine/Plugins/Interchange/Runtime/Content/gltf/MaterialFunctions/MF_DiffuseSpecGloss.uasset" 742
"../../../Engine/Plugins/Interchange/Runtime/Content/gltf/MaterialFunctions/MF_DiffuseSpecGloss.uexp" 743
"../../../Engine/Content/Functions/Engine_MaterialFunctions02/Math/AddComponents.uasset" 744
"../../../Engine/Content/Functions/Engine_MaterialFunctions02/Math/AddComponents.uexp" 745
"../../../Engine/Plugins/Interchange/Runtime/Content/gltf/MaterialFunctions/MF_PerceivedBrightness.uasset" 746
"../../../Engine/Plugins/Interchange/Runtime/Content/gltf/MaterialFunctions/MF_PerceivedBrightness.uexp" 747
"../../../Engine/Plugins/Interchange/Runtime/Content/gltf/MaterialFunctions/MF_Emissive.uasset" 748
"../../../Engine/Plugins/Interchange/Runtime/Content/gltf/MaterialFunctions/MF_Emissive.uexp" 749
"../../../Engine/Plugins/Interchange/Runtime/Content/gltf/MaterialFunctions/MF_SpecGlossToMetalRoughness.uasset" 750
"../../../Engine/Plugins/Interchange/Runtime/Content/gltf/MaterialFunctions/MF_SpecGlossToMetalRoughness.uexp" 751
"../../../Engine/Plugins/Interchange/Runtime/Content/gltf/MaterialBodies/MF_SpecularGlossiness_Body.uasset" 752
"../../../Engine/Plugins/Interchange/Runtime/Content/gltf/MaterialBodies/MF_SpecularGlossiness_Body.uexp" 753
"../../../Engine/Plugins/Interchange/Runtime/Content/gltf/M_SpecularGlossiness.uasset" 754
"../../../Engine/Plugins/Interchange/Runtime/Content/gltf/M_SpecularGlossiness.uexp" 755
"../../../Engine/Plugins/Interchange/Runtime/Content/gltf/MaterialInstances/MI_SpecularGlossiness_Opaque_DS.uasset" 756
"../../../Engine/Plugins/Interchange/Runtime/Content/gltf/MaterialInstances/MI_SpecularGlossiness_Opaque_DS.uexp" 757
"../../../Engine/Plugins/Interchange/Runtime/Content/gltf/MaterialInstances/MI_SpecularGlossiness_Opaque.uasset" 758
"../../../Engine/Plugins/Interchange/Runtime/Content/gltf/MaterialInstances/MI_SpecularGlossiness_Opaque.uexp" 759
"../../../Engine/Plugins/Interchange/Runtime/Content/gltf/MaterialInstances/MI_SpecularGlossiness_Mask_DS.uasset" 760
"../../../Engine/Plugins/Interchange/Runtime/Content/gltf/MaterialInstances/MI_SpecularGlossiness_Mask_DS.uexp" 761
"../../../Engine/Plugins/Interchange/Runtime/Content/gltf/MaterialInstances/MI_SpecularGlossiness_Mask.uasset" 762
"../../../Engine/Plugins/Interchange/Runtime/Content/gltf/MaterialInstances/MI_SpecularGlossiness_Mask.uexp" 763
"../../../Engine/Plugins/Interchange/Runtime/Content/gltf/MaterialInstances/MI_SpecularGlossiness_Blend_DS.uasset" 764
"../../../Engine/Plugins/Interchange/Runtime/Content/gltf/MaterialInstances/MI_SpecularGlossiness_Blend_DS.uexp" 765
"../../../Engine/Plugins/Interchange/Runtime/Content/gltf/MaterialInstances/MI_SpecularGlossiness_Blend.uasset" 766
"../../../Engine/Plugins/Interchange/Runtime/Content/gltf/MaterialInstances/MI_SpecularGlossiness_Blend.uexp" 767
"../../../Engine/Plugins/Interchange/Runtime/Content/gltf/MaterialFunctions/MF_Sheen.uasset" 768
"../../../Engine/Plugins/Interchange/Runtime/Content/gltf/MaterialFunctions/MF_Sheen.uexp" 769
"../../../Engine/Plugins/Interchange/Runtime/Content/gltf/MaterialBodies/MF_Sheen_Body.uasset" 770
"../../../Engine/Plugins/Interchange/Runtime/Content/gltf/MaterialBodies/MF_Sheen_Body.uexp" 771
"../../../Engine/Plugins/Interchange/Runtime/Content/gltf/M_Sheen.uasset" 772
"../../../Engine/Plugins/Interchange/Runtime/Content/gltf/M_Sheen.uexp" 773
"../../../Engine/Plugins/Interchange/Runtime/Content/gltf/MaterialInstances/MI_Sheen_Opaque_DS.uasset" 774
"../../../Engine/Plugins/Interchange/Runtime/Content/gltf/MaterialInstances/MI_Sheen_Opaque_DS.uexp" 775
"../../../Engine/Plugins/Interchange/Runtime/Content/gltf/MaterialInstances/MI_Sheen_Opaque.uasset" 776
"../../../Engine/Plugins/Interchange/Runtime/Content/gltf/MaterialInstances/MI_Sheen_Opaque.uexp" 777
"../../../Engine/Plugins/Interchange/Runtime/Content/gltf/MaterialInstances/MI_Sheen_Mask_DS.uasset" 778
"../../../Engine/Plugins/Interchange/Runtime/Content/gltf/MaterialInstances/MI_Sheen_Mask_DS.uexp" 779
"../../../Engine/Plugins/Interchange/Runtime/Content/gltf/MaterialInstances/MI_Sheen_Mask.uasset" 780
"../../../Engine/Plugins/Interchange/Runtime/Content/gltf/MaterialInstances/MI_Sheen_Mask.uexp" 781
"../../../Engine/Plugins/Interchange/Runtime/Content/gltf/MaterialInstances/MI_Sheen_Blend_DS.uasset" 782
"../../../Engine/Plugins/Interchange/Runtime/Content/gltf/MaterialInstances/MI_Sheen_Blend_DS.uexp" 783
"../../../Engine/Plugins/Interchange/Runtime/Content/gltf/MaterialInstances/MI_Sheen_Blend.uasset" 784
"../../../Engine/Plugins/Interchange/Runtime/Content/gltf/MaterialInstances/MI_Sheen_Blend.uexp" 785
"../../../Engine/Plugins/Interchange/Runtime/Content/gltf/MaterialBodies/MF_Default_Body.uasset" 786
"../../../Engine/Plugins/Interchange/Runtime/Content/gltf/MaterialBodies/MF_Default_Body.uexp" 787
"../../../Engine/Plugins/Interchange/Runtime/Content/gltf/M_Default.uasset" 788
"../../../Engine/Plugins/Interchange/Runtime/Content/gltf/M_Default.uexp" 789
"../../../Engine/Plugins/Interchange/Runtime/Content/gltf/MaterialInstances/MI_Default_Opaque_DS.uasset" 790
"../../../Engine/Plugins/Interchange/Runtime/Content/gltf/MaterialInstances/MI_Default_Opaque_DS.uexp" 791
"../../../Engine/Plugins/Interchange/Runtime/Content/gltf/MaterialInstances/MI_Default_Opaque.uasset" 792
"../../../Engine/Plugins/Interchange/Runtime/Content/gltf/MaterialInstances/MI_Default_Opaque.uexp" 793
"../../../Engine/Plugins/Interchange/Runtime/Content/gltf/MaterialInstances/MI_Default_Mask_DS.uasset" 794
"../../../Engine/Plugins/Interchange/Runtime/Content/gltf/MaterialInstances/MI_Default_Mask_DS.uexp" 795
"../../../Engine/Plugins/Interchange/Runtime/Content/gltf/MaterialInstances/MI_Default_Mask.uasset" 796
"../../../Engine/Plugins/Interchange/Runtime/Content/gltf/MaterialInstances/MI_Default_Mask.uexp" 797
"../../../Engine/Plugins/Interchange/Runtime/Content/gltf/MaterialInstances/MI_Default_Blend_DS.uasset" 798
"../../../Engine/Plugins/Interchange/Runtime/Content/gltf/MaterialInstances/MI_Default_Blend_DS.uexp" 799
"../../../Engine/Plugins/Interchange/Runtime/Content/gltf/MaterialInstances/MI_Default_Blend.uasset" 800
"../../../Engine/Plugins/Interchange/Runtime/Content/gltf/MaterialInstances/MI_Default_Blend.uexp" 801
"../../../Engine/Content/Functions/Engine_MaterialFunctions01/Texturing/FlattenNormal.uasset" 802
"../../../Engine/Content/Functions/Engine_MaterialFunctions01/Texturing/FlattenNormal.uexp" 803
"../../../Engine/Plugins/Interchange/Runtime/Content/gltf/MaterialFunctions/MF_Clearcoat.uasset" 804
"../../../Engine/Plugins/Interchange/Runtime/Content/gltf/MaterialFunctions/MF_Clearcoat.uexp" 805
"../../../Engine/Plugins/Interchange/Runtime/Content/gltf/MaterialBodies/MF_ClearCoat_Body.uasset" 806
"../../../Engine/Plugins/Interchange/Runtime/Content/gltf/MaterialBodies/MF_ClearCoat_Body.uexp" 807
"../../../Engine/Plugins/Interchange/Runtime/Content/gltf/M_ClearCoat.uasset" 808
"../../../Engine/Plugins/Interchange/Runtime/Content/gltf/M_ClearCoat.uexp" 809
"../../../Engine/Plugins/Interchange/Runtime/Content/gltf/MaterialInstances/MI_ClearCoat_Opaque_DS.uasset" 810
"../../../Engine/Plugins/Interchange/Runtime/Content/gltf/MaterialInstances/MI_ClearCoat_Opaque_DS.uexp" 811
"../../../Engine/Plugins/Interchange/Runtime/Content/gltf/MaterialInstances/MI_ClearCoat_Opaque.uasset" 812
"../../../Engine/Plugins/Interchange/Runtime/Content/gltf/MaterialInstances/MI_ClearCoat_Opaque.uexp" 813
"../../../Engine/Plugins/Interchange/Runtime/Content/gltf/MaterialInstances/MI_ClearCoat_Mask_DS.uasset" 814
"../../../Engine/Plugins/Interchange/Runtime/Content/gltf/MaterialInstances/MI_ClearCoat_Mask_DS.uexp" 815
"../../../Engine/Plugins/Interchange/Runtime/Content/gltf/MaterialInstances/MI_ClearCoat_Mask.uasset" 816
"../../../Engine/Plugins/Interchange/Runtime/Content/gltf/MaterialInstances/MI_ClearCoat_Mask.uexp" 817
"../../../Engine/Plugins/Interchange/Runtime/Content/gltf/MaterialInstances/MI_ClearCoat_Blend_DS.uasset" 818
"../../../Engine/Plugins/Interchange/Runtime/Content/gltf/MaterialInstances/MI_ClearCoat_Blend_DS.uexp" 819
"../../../Engine/Plugins/Interchange/Runtime/Content/gltf/MaterialInstances/MI_ClearCoat_Blend.uasset" 820
"../../../Engine/Plugins/Interchange/Runtime/Content/gltf/MaterialInstances/MI_ClearCoat_Blend.uexp" 821
"../../../Engine/Content/MobileResources/HUD/VirtualJoystick_Background.uasset" 822
"../../../Engine/Content/MobileResources/HUD/VirtualJoystick_Background.uexp" 823
"../../../Engine/Content/MobileResources/HUD/VirtualJoystick_Thumb.uasset" 824
"../../../Engine/Content/MobileResources/HUD/VirtualJoystick_Thumb.uexp" 825
"../../../Engine/Content/MobileResources/HUD/DefaultVirtualJoysticks.uasset" 826
"../../../Engine/Content/MobileResources/HUD/DefaultVirtualJoysticks.uexp" 827
"../../../Engine/Content/EngineSky/VolumetricClouds/CloudWeatherTexture.uasset" 828
"../../../Engine/Content/EngineSky/VolumetricClouds/CloudWeatherTexture.uexp" 829
"../../../Engine/Content/Functions/Engine_MaterialFunctions02/Utility/MakeFloat2.uasset" 830
"../../../Engine/Content/Functions/Engine_MaterialFunctions02/Utility/MakeFloat2.uexp" 831
"../../../Engine/Content/EngineSky/VolumetricClouds/CloudGradientTexture.uasset" 832
"../../../Engine/Content/EngineSky/VolumetricClouds/CloudGradientTexture.uexp" 833
"../../../Engine/Content/EngineSky/VolumetricClouds/T_NoiseShape64.ubulk" 834
"../../../Engine/Content/EngineSky/VolumetricClouds/T_NoiseShape64.uasset" 835
"../../../Engine/Content/EngineSky/VolumetricClouds/T_NoiseShape64.uexp" 836
"../../../Engine/Content/EngineSky/VolumetricClouds/T_VolumeNoiseShape64.uasset" 837
"../../../Engine/Content/EngineSky/VolumetricClouds/T_VolumeNoiseShape64.uexp" 838
"../../../Engine/Content/EngineSky/VolumetricClouds/T_NoiseErosion.ubulk" 839
"../../../Engine/Content/EngineSky/VolumetricClouds/T_NoiseErosion.uasset" 840
"../../../Engine/Content/EngineSky/VolumetricClouds/T_NoiseErosion.uexp" 841
"../../../Engine/Content/EngineSky/VolumetricClouds/T_VolumeNoiseErosion32.uasset" 842
"../../../Engine/Content/EngineSky/VolumetricClouds/T_VolumeNoiseErosion32.uexp" 843
"../../../Engine/Content/EngineSky/VolumetricClouds/m_SimpleVolumetricCloud.uasset" 844
"../../../Engine/Content/EngineSky/VolumetricClouds/m_SimpleVolumetricCloud.uexp" 845
"../../../Engine/Content/EngineSky/VolumetricClouds/m_SimpleVolumetricCloud_Inst.uasset" 846
"../../../Engine/Content/EngineSky/VolumetricClouds/m_SimpleVolumetricCloud_Inst.uexp" 847
"../../../Engine/Content/EngineResources/FilmGrains/Marcie_Grain_v3_128_M2_000.uasset" 848
"../../../Engine/Content/EngineResources/FilmGrains/Marcie_Grain_v3_128_M2_000.uexp" 849
"../../../Engine/Content/EditorResources/SequenceRecorder/RecordingIndicator.uasset" 850
"../../../Engine/Content/EditorResources/SequenceRecorder/RecordingIndicator.uexp" 851
"../../../Engine/Content/EditorResources/SequenceRecorder/Countdown.uasset" 852
"../../../Engine/Content/EditorResources/SequenceRecorder/Countdown.uexp" 853
"../../../Engine/Content/EditorMaterials/Dataflow/DataflowVertexMaterial.uasset" 854
"../../../Engine/Content/EditorMaterials/Dataflow/DataflowVertexMaterial.uexp" 855
"../../../Engine/Content/Functions/Engine_MaterialFunctions01/Shading/PowerToRoughness.uasset" 856
"../../../Engine/Content/Functions/Engine_MaterialFunctions01/Shading/PowerToRoughness.uexp" 857
"../../../Engine/Content/Functions/Engine_MaterialFunctions01/Shading/ConvertFromDiffSpec.uasset" 858
"../../../Engine/Content/Functions/Engine_MaterialFunctions01/Shading/ConvertFromDiffSpec.uexp" 859
"../../../Engine/Content/EngineMaterials/Substrate/Volume/SubstrateSimpleVolumeLUT3D.uasset" 860
"../../../Engine/Content/EngineMaterials/Substrate/Volume/SubstrateSimpleVolumeLUT3D.uexp" 861
"../../../Engine/Content/EngineMaterials/Substrate/Volume/SubstrateSimpleVolumeEnvLUT3D.uasset" 862
"../../../Engine/Content/EngineMaterials/Substrate/Volume/SubstrateSimpleVolumeEnvLUT3D.uexp" 863
"../../../Engine/Content/EngineMaterials/Substrate/GLints2/AGlintTex2dArray2.uasset" 864
"../../../Engine/Content/EngineMaterials/Substrate/GLints2/AGlintTex2dArray2.uexp" 865
"../../../Engine/Content/EngineMaterials/Substrate/GLints/AGlintTex2dArray.uasset" 866
"../../../Engine/Content/EngineMaterials/Substrate/GLints/AGlintTex2dArray.uexp" 867
"../../../Engine/Content/BasicShapes/Cube.ubulk" 868
"../../../Engine/Content/BasicShapes/Cube.uasset" 869
"../../../Engine/Content/BasicShapes/Cube.uexp" 870
"../../../Engine/Content/EngineMaterials/BlendFunc_DefBlend.uasset" 871
"../../../Engine/Content/EngineMaterials/BlendFunc_DefBlend.uexp" 872
"../../../Engine/Content/OpenWorldTemplate/LandscapeMaterial/T_GridChecker_A.ubulk" 873
"../../../Engine/Content/OpenWorldTemplate/LandscapeMaterial/T_GridChecker_A.uasset" 874
"../../../Engine/Content/OpenWorldTemplate/LandscapeMaterial/T_GridChecker_A.uexp" 875
"../../../Engine/Content/EngineMaterials/BlendFunc_DefBase.uasset" 876
"../../../Engine/Content/EngineMaterials/BlendFunc_DefBase.uexp" 877
"../../../Engine/Content/Functions/Engine_MaterialFunctions03/Blends/Blend_Overlay.uasset" 878
"../../../Engine/Content/Functions/Engine_MaterialFunctions03/Blends/Blend_Overlay.uexp" 879
"../../../Engine/Content/Functions/Engine_MaterialFunctions01/Gradient/LinearGradient.uasset" 880
"../../../Engine/Content/Functions/Engine_MaterialFunctions01/Gradient/LinearGradient.uexp" 881
"../../../Engine/Content/Functions/Engine_MaterialFunctions01/ImageAdjustment/CheapContrast.uasset" 882
"../../../Engine/Content/Functions/Engine_MaterialFunctions01/ImageAdjustment/CheapContrast.uexp" 883
"../../../Engine/Content/OpenWorldTemplate/LandscapeMaterial/MF_ProcGrid.uasset" 884
"../../../Engine/Content/OpenWorldTemplate/LandscapeMaterial/MF_ProcGrid.uexp" 885
"../../../Engine/Content/OpenWorldTemplate/LandscapeMaterial/M_ProcGrid.uasset" 886
"../../../Engine/Content/OpenWorldTemplate/LandscapeMaterial/M_ProcGrid.uexp" 887
"../../../Engine/Content/OpenWorldTemplate/LandscapeMaterial/MI_ProcGrid.uasset" 888
"../../../Engine/Content/OpenWorldTemplate/LandscapeMaterial/MI_ProcGrid.uexp" 889
"C:/Users/crshe/Documents/Uni/Honours/UnrealProject/SmithyProject/Content/BP_SwordSpawnPos.uasset" 890
"C:/Users/crshe/Documents/Uni/Honours/UnrealProject/SmithyProject/Content/BP_SwordSpawnPos.uexp" 891
"../../../Engine/Content/EngineSky/T_Sky_Stars.ubulk" 892
"../../../Engine/Content/EngineSky/T_Sky_Stars.uasset" 893
"../../../Engine/Content/EngineSky/T_Sky_Stars.uexp" 894
"../../../Engine/Content/EngineSky/T_Sky_Clouds_M.ubulk" 895
"../../../Engine/Content/EngineSky/T_Sky_Clouds_M.uasset" 896
"../../../Engine/Content/EngineSky/T_Sky_Clouds_M.uexp" 897
"../../../Engine/Content/EngineSky/T_Sky_Blue.ubulk" 898
"../../../Engine/Content/EngineSky/T_Sky_Blue.uasset" 899
"../../../Engine/Content/EngineSky/T_Sky_Blue.uexp" 900
"../../../Engine/Content/EngineSky/M_Sky_Panning_Clouds2.uasset" 901
"../../../Engine/Content/EngineSky/M_Sky_Panning_Clouds2.uexp" 902
"../../../Engine/Content/EngineSky/SM_SkySphere.ubulk" 903
"../../../Engine/Content/EngineSky/SM_SkySphere.uasset" 904
"../../../Engine/Content/EngineSky/SM_SkySphere.uexp" 905
"../../../Engine/Content/MapTemplates/SM_Template_Map_Floor.ubulk" 906
"../../../Engine/Content/MapTemplates/SM_Template_Map_Floor.uasset" 907
"../../../Engine/Content/MapTemplates/SM_Template_Map_Floor.uexp" 908
"C:/Users/crshe/Documents/Uni/Honours/UnrealProject/SmithyProject/Content/BP_SwordSpawner.uasset" 909
"C:/Users/crshe/Documents/Uni/Honours/UnrealProject/SmithyProject/Content/BP_SwordSpawner.uexp" 910
"C:/Users/crshe/Documents/Uni/Honours/UnrealProject/SmithyProject/Content/WBP_Menu.uasset" 911
"C:/Users/crshe/Documents/Uni/Honours/UnrealProject/SmithyProject/Content/WBP_Menu.uexp" 912
"C:/Users/crshe/Documents/Uni/Honours/UnrealProject/SmithyProject/Content/HUD_Smithy.uasset" 913
"C:/Users/crshe/Documents/Uni/Honours/UnrealProject/SmithyProject/Content/HUD_Smithy.uexp" 914
"C:/Users/crshe/Documents/Uni/Honours/UnrealProject/SmithyProject/Content/GM_Smithy.uasset" 915
"C:/Users/crshe/Documents/Uni/Honours/UnrealProject/SmithyProject/Content/GM_Smithy.uexp" 916
"../../../Engine/Content/BasicShapes/BasicShapeMaterial.uasset" 917
"../../../Engine/Content/BasicShapes/BasicShapeMaterial.uexp" 918
"../../../Engine/Content/EngineSky/M_SimpleSkyDome.uasset" 919
"../../../Engine/Content/EngineSky/M_SimpleSkyDome.uexp" 920
"C:/Users/crshe/Documents/Uni/Honours/UnrealProject/SmithyProject/Content/Levels/TestingLevel.uexp" 921
"C:/Users/crshe/Documents/Uni/Honours/UnrealProject/SmithyProject/Content/Levels/TestingLevel.umap" 922
"../../../Engine/Content/Maps/Entry_BuiltData.uasset" 923
"../../../Engine/Content/Maps/Entry_BuiltData.uexp" 924
"../../../Engine/Content/Maps/Entry.uexp" 925
"../../../Engine/Content/Maps/Entry.umap" 926
